{"/Users/karthikmg/Documents/linkedin-post-master/frontend/src/App.js": {"path":"/Users/karthikmg/Documents/linkedin-post-master/frontend/src/App.js","statementMap":{"0":{"start":{"line":17,"column":44},"end":{"line":17,"column":58}},"1":{"start":{"line":18,"column":36},"end":{"line":18,"column":51}},"2":{"start":{"line":19,"column":27},"end":{"line":19,"column":36}},"3":{"start":{"line":21,"column":30},"end":{"line":24,"column":3}},"4":{"start":{"line":22,"column":4},"end":{"line":22,"column":29}},"5":{"start":{"line":23,"column":4},"end":{"line":23,"column":24}},"6":{"start":{"line":26,"column":27},"end":{"line":29,"column":3}},"7":{"start":{"line":27,"column":4},"end":{"line":27,"column":23}},"8":{"start":{"line":28,"column":4},"end":{"line":28,"column":27}},"9":{"start":{"line":31,"column":22},"end":{"line":34,"column":3}},"10":{"start":{"line":32,"column":4},"end":{"line":32,"column":27}},"11":{"start":{"line":33,"column":4},"end":{"line":33,"column":24}},"12":{"start":{"line":36,"column":24},"end":{"line":39,"column":3}},"13":{"start":{"line":37,"column":4},"end":{"line":37,"column":18}},"14":{"start":{"line":38,"column":4},"end":{"line":38,"column":52}},"15":{"start":{"line":41,"column":2},"end":{"line":136,"column":4}},"16":{"start":{"line":144,"column":25},"end":{"line":144,"column":69}},"17":{"start":{"line":146,"column":2},"end":{"line":167,"column":4}}},"fnMap":{"0":{"name":"MainApp","decl":{"start":{"line":16,"column":9},"end":{"line":16,"column":16}},"loc":{"start":{"line":16,"column":19},"end":{"line":137,"column":1}},"line":16},"1":{"name":"(anonymous_1)","decl":{"start":{"line":21,"column":30},"end":{"line":21,"column":31}},"loc":{"start":{"line":21,"column":42},"end":{"line":24,"column":3}},"line":21},"2":{"name":"(anonymous_2)","decl":{"start":{"line":26,"column":27},"end":{"line":26,"column":28}},"loc":{"start":{"line":26,"column":33},"end":{"line":29,"column":3}},"line":26},"3":{"name":"(anonymous_3)","decl":{"start":{"line":31,"column":22},"end":{"line":31,"column":23}},"loc":{"start":{"line":31,"column":28},"end":{"line":34,"column":3}},"line":31},"4":{"name":"(anonymous_4)","decl":{"start":{"line":36,"column":24},"end":{"line":36,"column":25}},"loc":{"start":{"line":36,"column":30},"end":{"line":39,"column":3}},"line":36},"5":{"name":"App","decl":{"start":{"line":143,"column":9},"end":{"line":143,"column":12}},"loc":{"start":{"line":143,"column":15},"end":{"line":168,"column":1}},"line":143}},"branchMap":{"0":{"loc":{"start":{"line":91,"column":13},"end":{"line":106,"column":13}},"type":"binary-expr","locations":[{"start":{"line":91,"column":13},"end":{"line":91,"column":17}},{"start":{"line":92,"column":14},"end":{"line":105,"column":23}}],"line":91},"1":{"loc":{"start":{"line":97,"column":17},"end":{"line":103,"column":17}},"type":"binary-expr","locations":[{"start":{"line":97,"column":17},"end":{"line":97,"column":29}},{"start":{"line":98,"column":18},"end":{"line":102,"column":20}}],"line":97},"2":{"loc":{"start":{"line":100,"column":25},"end":{"line":100,"column":51}},"type":"binary-expr","locations":[{"start":{"line":100,"column":25},"end":{"line":100,"column":34}},{"start":{"line":100,"column":38},"end":{"line":100,"column":51}}],"line":100},"3":{"loc":{"start":{"line":119,"column":11},"end":{"line":124,"column":11}},"type":"binary-expr","locations":[{"start":{"line":119,"column":11},"end":{"line":119,"column":20}},{"start":{"line":120,"column":12},"end":{"line":123,"column":18}}],"line":119},"4":{"loc":{"start":{"line":126,"column":11},"end":{"line":128,"column":11}},"type":"binary-expr","locations":[{"start":{"line":126,"column":11},"end":{"line":126,"column":24}},{"start":{"line":126,"column":28},"end":{"line":126,"column":38}},{"start":{"line":127,"column":12},"end":{"line":127,"column":71}}],"line":126},"5":{"loc":{"start":{"line":144,"column":25},"end":{"line":144,"column":69}},"type":"binary-expr","locations":[{"start":{"line":144,"column":25},"end":{"line":144,"column":63}},{"start":{"line":144,"column":67},"end":{"line":144,"column":69}}],"line":144}},"s":{"0":0,"1":0,"2":0,"3":0,"4":0,"5":0,"6":0,"7":0,"8":0,"9":0,"10":0,"11":0,"12":0,"13":0,"14":0,"15":0,"16":0,"17":0},"f":{"0":0,"1":0,"2":0,"3":0,"4":0,"5":0},"b":{"0":[0,0],"1":[0,0],"2":[0,0],"3":[0,0],"4":[0,0,0],"5":[0,0]}}
,"/Users/karthikmg/Documents/linkedin-post-master/frontend/src/index.js": {"path":"/Users/karthikmg/Documents/linkedin-post-master/frontend/src/index.js","statementMap":{"0":{"start":{"line":7,"column":13},"end":{"line":7,"column":65}},"1":{"start":{"line":8,"column":0},"end":{"line":14,"column":2}}},"fnMap":{},"branchMap":{},"s":{"0":0,"1":0},"f":{},"b":{}}
,"/Users/karthikmg/Documents/linkedin-post-master/frontend/src/components/ErrorBoundary.js": {"path":"/Users/karthikmg/Documents/linkedin-post-master/frontend/src/components/ErrorBoundary.js","statementMap":{"0":{"start":{"line":11,"column":4},"end":{"line":11,"column":17}},"1":{"start":{"line":12,"column":4},"end":{"line":12,"column":50}},"2":{"start":{"line":16,"column":4},"end":{"line":16,"column":37}},"3":{"start":{"line":21,"column":4},"end":{"line":21,"column":71}},"4":{"start":{"line":24,"column":16},"end":{"line":26,"column":3}},"5":{"start":{"line":25,"column":4},"end":{"line":25,"column":52}},"6":{"start":{"line":29,"column":4},"end":{"line":39,"column":5}},"7":{"start":{"line":30,"column":6},"end":{"line":38,"column":8}},"8":{"start":{"line":41,"column":4},"end":{"line":41,"column":31}}},"fnMap":{"0":{"name":"(anonymous_0)","decl":{"start":{"line":10,"column":2},"end":{"line":10,"column":3}},"loc":{"start":{"line":10,"column":21},"end":{"line":13,"column":3}},"line":10},"1":{"name":"(anonymous_1)","decl":{"start":{"line":15,"column":2},"end":{"line":15,"column":3}},"loc":{"start":{"line":15,"column":41},"end":{"line":17,"column":3}},"line":15},"2":{"name":"(anonymous_2)","decl":{"start":{"line":19,"column":2},"end":{"line":19,"column":3}},"loc":{"start":{"line":19,"column":33},"end":{"line":22,"column":3}},"line":19},"3":{"name":"(anonymous_3)","decl":{"start":{"line":24,"column":16},"end":{"line":24,"column":17}},"loc":{"start":{"line":24,"column":22},"end":{"line":26,"column":3}},"line":24},"4":{"name":"(anonymous_4)","decl":{"start":{"line":28,"column":2},"end":{"line":28,"column":3}},"loc":{"start":{"line":28,"column":11},"end":{"line":42,"column":3}},"line":28}},"branchMap":{"0":{"loc":{"start":{"line":29,"column":4},"end":{"line":39,"column":5}},"type":"if","locations":[{"start":{"line":29,"column":4},"end":{"line":39,"column":5}},{"start":{},"end":{}}],"line":29}},"s":{"0":15,"1":14,"2":13,"3":6,"4":14,"5":1,"6":29,"7":13,"8":16},"f":{"0":15,"1":13,"2":6,"3":1,"4":29},"b":{"0":[13,16]},"_coverageSchema":"1a1c01bbd47fc00a2c39e90264f33305004495a9","hash":"437eca70612cedc1d95c831ee10e4cb05a5aff9a"}
,"/Users/karthikmg/Documents/linkedin-post-master/frontend/src/components/PostGenerator.js": {"path":"/Users/karthikmg/Documents/linkedin-post-master/frontend/src/components/PostGenerator.js","statementMap":{"0":{"start":{"line":6,"column":36},"end":{"line":6,"column":48}},"1":{"start":{"line":7,"column":32},"end":{"line":7,"column":46}},"2":{"start":{"line":8,"column":38},"end":{"line":8,"column":50}},"3":{"start":{"line":9,"column":34},"end":{"line":9,"column":46}},"4":{"start":{"line":10,"column":28},"end":{"line":10,"column":40}},"5":{"start":{"line":12,"column":23},"end":{"line":37,"column":3}},"6":{"start":{"line":13,"column":4},"end":{"line":13,"column":23}},"7":{"start":{"line":14,"column":4},"end":{"line":14,"column":17}},"8":{"start":{"line":17,"column":4},"end":{"line":20,"column":5}},"9":{"start":{"line":18,"column":6},"end":{"line":18,"column":73}},"10":{"start":{"line":19,"column":6},"end":{"line":19,"column":13}},"11":{"start":{"line":22,"column":4},"end":{"line":22,"column":19}},"12":{"start":{"line":24,"column":4},"end":{"line":36,"column":5}},"13":{"start":{"line":25,"column":21},"end":{"line":30,"column":8}},"14":{"start":{"line":32,"column":6},"end":{"line":32,"column":25}},"15":{"start":{"line":34,"column":6},"end":{"line":34,"column":76}},"16":{"start":{"line":35,"column":6},"end":{"line":35,"column":23}},"17":{"start":{"line":39,"column":26},"end":{"line":46,"column":3}},"18":{"start":{"line":40,"column":17},"end":{"line":40,"column":34}},"19":{"start":{"line":41,"column":4},"end":{"line":45,"column":5}},"20":{"start":{"line":42,"column":6},"end":{"line":42,"column":23}},"21":{"start":{"line":44,"column":6},"end":{"line":44,"column":49}},"22":{"start":{"line":48,"column":28},"end":{"line":59,"column":3}},"23":{"start":{"line":49,"column":18},"end":{"line":49,"column":44}},"24":{"start":{"line":50,"column":24},"end":{"line":52,"column":5}},"25":{"start":{"line":51,"column":6},"end":{"line":51,"column":36}},"26":{"start":{"line":54,"column":4},"end":{"line":56,"column":5}},"27":{"start":{"line":55,"column":6},"end":{"line":55,"column":68}},"28":{"start":{"line":58,"column":4},"end":{"line":58,"column":31}},"29":{"start":{"line":61,"column":22},"end":{"line":67,"column":3}},"30":{"start":{"line":62,"column":4},"end":{"line":62,"column":21}},"31":{"start":{"line":63,"column":4},"end":{"line":63,"column":21}},"32":{"start":{"line":64,"column":4},"end":{"line":64,"column":22}},"33":{"start":{"line":65,"column":4},"end":{"line":65,"column":20}},"34":{"start":{"line":66,"column":4},"end":{"line":66,"column":17}},"35":{"start":{"line":69,"column":2},"end":{"line":163,"column":4}},"36":{"start":{"line":85,"column":33},"end":{"line":85,"column":61}},"37":{"start":{"line":133,"column":33},"end":{"line":133,"column":60}}},"fnMap":{"0":{"name":"PostGenerator","decl":{"start":{"line":5,"column":9},"end":{"line":5,"column":22}},"loc":{"start":{"line":5,"column":64},"end":{"line":164,"column":1}},"line":5},"1":{"name":"(anonymous_1)","decl":{"start":{"line":12,"column":23},"end":{"line":12,"column":24}},"loc":{"start":{"line":12,"column":36},"end":{"line":37,"column":3}},"line":12},"2":{"name":"(anonymous_2)","decl":{"start":{"line":39,"column":26},"end":{"line":39,"column":27}},"loc":{"start":{"line":39,"column":33},"end":{"line":46,"column":3}},"line":39},"3":{"name":"(anonymous_3)","decl":{"start":{"line":48,"column":28},"end":{"line":48,"column":29}},"loc":{"start":{"line":48,"column":35},"end":{"line":59,"column":3}},"line":48},"4":{"name":"(anonymous_4)","decl":{"start":{"line":50,"column":37},"end":{"line":50,"column":38}},"loc":{"start":{"line":51,"column":6},"end":{"line":51,"column":36}},"line":51},"5":{"name":"(anonymous_5)","decl":{"start":{"line":61,"column":22},"end":{"line":61,"column":23}},"loc":{"start":{"line":61,"column":28},"end":{"line":67,"column":3}},"line":61},"6":{"name":"(anonymous_6)","decl":{"start":{"line":85,"column":26},"end":{"line":85,"column":27}},"loc":{"start":{"line":85,"column":33},"end":{"line":85,"column":61}},"line":85},"7":{"name":"(anonymous_7)","decl":{"start":{"line":133,"column":26},"end":{"line":133,"column":27}},"loc":{"start":{"line":133,"column":33},"end":{"line":133,"column":60}},"line":133}},"branchMap":{"0":{"loc":{"start":{"line":17,"column":4},"end":{"line":20,"column":5}},"type":"if","locations":[{"start":{"line":17,"column":4},"end":{"line":20,"column":5}},{"start":{},"end":{}}],"line":17},"1":{"loc":{"start":{"line":17,"column":8},"end":{"line":17,"column":70}},"type":"binary-expr","locations":[{"start":{"line":17,"column":8},"end":{"line":17,"column":18}},{"start":{"line":17,"column":22},"end":{"line":17,"column":30}},{"start":{"line":17,"column":34},"end":{"line":17,"column":57}},{"start":{"line":17,"column":61},"end":{"line":17,"column":70}}],"line":17},"2":{"loc":{"start":{"line":34,"column":15},"end":{"line":34,"column":74}},"type":"binary-expr","locations":[{"start":{"line":34,"column":15},"end":{"line":34,"column":26}},{"start":{"line":34,"column":30},"end":{"line":34,"column":74}}],"line":34},"3":{"loc":{"start":{"line":41,"column":4},"end":{"line":45,"column":5}},"type":"if","locations":[{"start":{"line":41,"column":4},"end":{"line":45,"column":5}},{"start":{"line":43,"column":11},"end":{"line":45,"column":5}}],"line":41},"4":{"loc":{"start":{"line":41,"column":8},"end":{"line":41,"column":47}},"type":"binary-expr","locations":[{"start":{"line":41,"column":8},"end":{"line":41,"column":12}},{"start":{"line":41,"column":16},"end":{"line":41,"column":47}}],"line":41},"5":{"loc":{"start":{"line":54,"column":4},"end":{"line":56,"column":5}},"type":"if","locations":[{"start":{"line":54,"column":4},"end":{"line":56,"column":5}},{"start":{},"end":{}}],"line":54},"6":{"loc":{"start":{"line":103,"column":15},"end":{"line":103,"column":85}},"type":"binary-expr","locations":[{"start":{"line":103,"column":15},"end":{"line":103,"column":22}},{"start":{"line":103,"column":26},"end":{"line":103,"column":85}}],"line":103},"7":{"loc":{"start":{"line":118,"column":15},"end":{"line":122,"column":15}},"type":"binary-expr","locations":[{"start":{"line":118,"column":15},"end":{"line":118,"column":36}},{"start":{"line":119,"column":16},"end":{"line":121,"column":23}}],"line":118},"8":{"loc":{"start":{"line":140,"column":11},"end":{"line":140,"column":64}},"type":"binary-expr","locations":[{"start":{"line":140,"column":11},"end":{"line":140,"column":16}},{"start":{"line":140,"column":20},"end":{"line":140,"column":64}}],"line":140},"9":{"loc":{"start":{"line":148,"column":15},"end":{"line":148,"column":60}},"type":"cond-expr","locations":[{"start":{"line":148,"column":27},"end":{"line":148,"column":42}},{"start":{"line":148,"column":45},"end":{"line":148,"column":60}}],"line":148}},"s":{"0":47,"1":47,"2":47,"3":47,"4":47,"5":47,"6":10,"7":10,"8":10,"9":2,"10":2,"11":8,"12":8,"13":8,"14":3,"15":5,"16":5,"17":47,"18":2,"19":2,"20":1,"21":1,"22":47,"23":2,"24":2,"25":3,"26":2,"27":1,"28":2,"29":47,"30":1,"31":1,"32":1,"33":1,"34":1,"35":47,"36":9,"37":0},"f":{"0":47,"1":10,"2":2,"3":2,"4":3,"5":1,"6":9,"7":0},"b":{"0":[2,8],"1":[10,2,2,2],"2":[5,0],"3":[1,1],"4":[2,2],"5":[1,1],"6":[47,1],"7":[47,2],"8":[47,9],"9":[2,45]},"_coverageSchema":"1a1c01bbd47fc00a2c39e90264f33305004495a9","hash":"da972aa3a2a45f2d5d581b288eebb961fb6e5f2c"}
,"/Users/karthikmg/Documents/linkedin-post-master/frontend/src/components/PostResult.js": {"path":"/Users/karthikmg/Documents/linkedin-post-master/frontend/src/components/PostResult.js","statementMap":{"0":{"start":{"line":6,"column":28},"end":{"line":6,"column":32}},"1":{"start":{"line":10,"column":26},"end":{"line":12,"column":14}},"2":{"start":{"line":14,"column":34},"end":{"line":14,"column":59}},"3":{"start":{"line":15,"column":44},"end":{"line":15,"column":55}},"4":{"start":{"line":16,"column":48},"end":{"line":16,"column":63}},"5":{"start":{"line":17,"column":38},"end":{"line":17,"column":53}},"6":{"start":{"line":18,"column":54},"end":{"line":18,"column":66}},"7":{"start":{"line":19,"column":28},"end":{"line":19,"column":40}},"8":{"start":{"line":20,"column":44},"end":{"line":20,"column":59}},"9":{"start":{"line":21,"column":42},"end":{"line":21,"column":93}},"10":{"start":{"line":22,"column":38},"end":{"line":22,"column":53}},"11":{"start":{"line":24,"column":22},"end":{"line":24,"column":51}},"12":{"start":{"line":26,"column":15},"end":{"line":26,"column":75}},"13":{"start":{"line":28,"column":19},"end":{"line":28,"column":82}},"14":{"start":{"line":29,"column":20},"end":{"line":29,"column":31}},"15":{"start":{"line":30,"column":22},"end":{"line":30,"column":53}},"16":{"start":{"line":32,"column":30},"end":{"line":37,"column":3}},"17":{"start":{"line":33,"column":4},"end":{"line":33,"column":28}},"18":{"start":{"line":34,"column":4},"end":{"line":34,"column":29}},"19":{"start":{"line":35,"column":4},"end":{"line":35,"column":17}},"20":{"start":{"line":36,"column":4},"end":{"line":36,"column":30}},"21":{"start":{"line":39,"column":23},"end":{"line":91,"column":3}},"22":{"start":{"line":40,"column":4},"end":{"line":43,"column":5}},"23":{"start":{"line":41,"column":6},"end":{"line":41,"column":51}},"24":{"start":{"line":42,"column":6},"end":{"line":42,"column":13}},"25":{"start":{"line":45,"column":4},"end":{"line":45,"column":24}},"26":{"start":{"line":46,"column":4},"end":{"line":46,"column":17}},"27":{"start":{"line":48,"column":4},"end":{"line":90,"column":5}},"28":{"start":{"line":49,"column":22},"end":{"line":55,"column":8}},"29":{"start":{"line":58,"column":6},"end":{"line":58,"column":26}},"30":{"start":{"line":59,"column":6},"end":{"line":79,"column":9}},"31":{"start":{"line":60,"column":24},"end":{"line":60,"column":33}},"32":{"start":{"line":61,"column":8},"end":{"line":77,"column":10}},"33":{"start":{"line":78,"column":8},"end":{"line":78,"column":23}},"34":{"start":{"line":80,"column":6},"end":{"line":80,"column":50}},"35":{"start":{"line":80,"column":23},"end":{"line":80,"column":43}},"36":{"start":{"line":82,"column":6},"end":{"line":82,"column":32}},"37":{"start":{"line":83,"column":6},"end":{"line":83,"column":52}},"38":{"start":{"line":84,"column":6},"end":{"line":84,"column":29}},"39":{"start":{"line":85,"column":6},"end":{"line":85,"column":54}},"40":{"start":{"line":85,"column":23},"end":{"line":85,"column":46}},"41":{"start":{"line":87,"column":6},"end":{"line":87,"column":55}},"42":{"start":{"line":89,"column":6},"end":{"line":89,"column":27}},"43":{"start":{"line":93,"column":26},"end":{"line":112,"column":3}},"44":{"start":{"line":96,"column":14},"end":{"line":96,"column":36}},"45":{"start":{"line":97,"column":21},"end":{"line":97,"column":61}},"46":{"start":{"line":98,"column":25},"end":{"line":98,"column":68}},"47":{"start":{"line":99,"column":21},"end":{"line":99,"column":85}},"48":{"start":{"line":99,"column":63},"end":{"line":99,"column":72}},"49":{"start":{"line":100,"column":4},"end":{"line":111,"column":5}},"50":{"start":{"line":101,"column":6},"end":{"line":101,"column":65}},"51":{"start":{"line":102,"column":6},"end":{"line":102,"column":29}},"52":{"start":{"line":103,"column":6},"end":{"line":103,"column":54}},"53":{"start":{"line":103,"column":23},"end":{"line":103,"column":46}},"54":{"start":{"line":104,"column":6},"end":{"line":106,"column":9}},"55":{"start":{"line":105,"column":8},"end":{"line":105,"column":63}},"56":{"start":{"line":108,"column":6},"end":{"line":108,"column":61}},"57":{"start":{"line":109,"column":6},"end":{"line":109,"column":29}},"58":{"start":{"line":110,"column":6},"end":{"line":110,"column":54}},"59":{"start":{"line":110,"column":23},"end":{"line":110,"column":46}},"60":{"start":{"line":114,"column":24},"end":{"line":118,"column":3}},"61":{"start":{"line":115,"column":4},"end":{"line":115,"column":37}},"62":{"start":{"line":115,"column":20},"end":{"line":115,"column":37}},"63":{"start":{"line":116,"column":4},"end":{"line":116,"column":37}},"64":{"start":{"line":116,"column":20},"end":{"line":116,"column":37}},"65":{"start":{"line":117,"column":4},"end":{"line":117,"column":21}},"66":{"start":{"line":120,"column":23},"end":{"line":128,"column":3}},"67":{"start":{"line":121,"column":19},"end":{"line":126,"column":5}},"68":{"start":{"line":127,"column":4},"end":{"line":127,"column":38}},"69":{"start":{"line":130,"column":2},"end":{"line":294,"column":4}},"70":{"start":{"line":153,"column":12},"end":{"line":161,"column":14}},"71":{"start":{"line":159,"column":30},"end":{"line":159,"column":56}},"72":{"start":{"line":193,"column":14},"end":{"line":196,"column":31}},"73":{"start":{"line":216,"column":14},"end":{"line":216,"column":65}},"74":{"start":{"line":227,"column":16},"end":{"line":227,"column":49}},"75":{"start":{"line":268,"column":31},"end":{"line":268,"column":68}}},"fnMap":{"0":{"name":"PostResult","decl":{"start":{"line":8,"column":9},"end":{"line":8,"column":19}},"loc":{"start":{"line":8,"column":41},"end":{"line":295,"column":1}},"line":8},"1":{"name":"(anonymous_1)","decl":{"start":{"line":32,"column":30},"end":{"line":32,"column":31}},"loc":{"start":{"line":32,"column":41},"end":{"line":37,"column":3}},"line":32},"2":{"name":"(anonymous_2)","decl":{"start":{"line":39,"column":23},"end":{"line":39,"column":24}},"loc":{"start":{"line":39,"column":35},"end":{"line":91,"column":3}},"line":39},"3":{"name":"(anonymous_3)","decl":{"start":{"line":59,"column":18},"end":{"line":59,"column":19}},"loc":{"start":{"line":59,"column":28},"end":{"line":79,"column":7}},"line":59},"4":{"name":"(anonymous_4)","decl":{"start":{"line":80,"column":17},"end":{"line":80,"column":18}},"loc":{"start":{"line":80,"column":23},"end":{"line":80,"column":43}},"line":80},"5":{"name":"(anonymous_5)","decl":{"start":{"line":85,"column":17},"end":{"line":85,"column":18}},"loc":{"start":{"line":85,"column":23},"end":{"line":85,"column":46}},"line":85},"6":{"name":"(anonymous_6)","decl":{"start":{"line":93,"column":26},"end":{"line":93,"column":27}},"loc":{"start":{"line":93,"column":39},"end":{"line":112,"column":3}},"line":93},"7":{"name":"(anonymous_7)","decl":{"start":{"line":99,"column":56},"end":{"line":99,"column":57}},"loc":{"start":{"line":99,"column":63},"end":{"line":99,"column":72}},"line":99},"8":{"name":"(anonymous_8)","decl":{"start":{"line":103,"column":17},"end":{"line":103,"column":18}},"loc":{"start":{"line":103,"column":23},"end":{"line":103,"column":46}},"line":103},"9":{"name":"(anonymous_9)","decl":{"start":{"line":104,"column":53},"end":{"line":104,"column":54}},"loc":{"start":{"line":104,"column":59},"end":{"line":106,"column":7}},"line":104},"10":{"name":"(anonymous_10)","decl":{"start":{"line":110,"column":17},"end":{"line":110,"column":18}},"loc":{"start":{"line":110,"column":23},"end":{"line":110,"column":46}},"line":110},"11":{"name":"(anonymous_11)","decl":{"start":{"line":114,"column":24},"end":{"line":114,"column":25}},"loc":{"start":{"line":114,"column":35},"end":{"line":118,"column":3}},"line":114},"12":{"name":"(anonymous_12)","decl":{"start":{"line":120,"column":23},"end":{"line":120,"column":24}},"loc":{"start":{"line":120,"column":37},"end":{"line":128,"column":3}},"line":120},"13":{"name":"(anonymous_13)","decl":{"start":{"line":152,"column":24},"end":{"line":152,"column":25}},"loc":{"start":{"line":153,"column":12},"end":{"line":161,"column":14}},"line":153},"14":{"name":"(anonymous_14)","decl":{"start":{"line":159,"column":24},"end":{"line":159,"column":25}},"loc":{"start":{"line":159,"column":30},"end":{"line":159,"column":56}},"line":159},"15":{"name":"(anonymous_15)","decl":{"start":{"line":192,"column":34},"end":{"line":192,"column":35}},"loc":{"start":{"line":193,"column":14},"end":{"line":196,"column":31}},"line":193},"16":{"name":"(anonymous_16)","decl":{"start":{"line":215,"column":26},"end":{"line":215,"column":27}},"loc":{"start":{"line":216,"column":14},"end":{"line":216,"column":65}},"line":216},"17":{"name":"(anonymous_17)","decl":{"start":{"line":226,"column":43},"end":{"line":226,"column":44}},"loc":{"start":{"line":227,"column":16},"end":{"line":227,"column":49}},"line":227},"18":{"name":"(anonymous_18)","decl":{"start":{"line":268,"column":24},"end":{"line":268,"column":25}},"loc":{"start":{"line":268,"column":31},"end":{"line":268,"column":68}},"line":268}},"branchMap":{"0":{"loc":{"start":{"line":10,"column":26},"end":{"line":12,"column":14}},"type":"cond-expr","locations":[{"start":{"line":11,"column":6},"end":{"line":11,"column":21}},{"start":{"line":12,"column":6},"end":{"line":12,"column":14}}],"line":10},"1":{"loc":{"start":{"line":10,"column":26},"end":{"line":10,"column":71}},"type":"binary-expr","locations":[{"start":{"line":10,"column":26},"end":{"line":10,"column":41}},{"start":{"line":10,"column":45},"end":{"line":10,"column":71}}],"line":10},"2":{"loc":{"start":{"line":24,"column":22},"end":{"line":24,"column":51}},"type":"binary-expr","locations":[{"start":{"line":24,"column":22},"end":{"line":24,"column":45}},{"start":{"line":24,"column":49},"end":{"line":24,"column":51}}],"line":24},"3":{"loc":{"start":{"line":26,"column":15},"end":{"line":26,"column":75}},"type":"cond-expr","locations":[{"start":{"line":26,"column":54},"end":{"line":26,"column":70}},{"start":{"line":26,"column":73},"end":{"line":26,"column":75}}],"line":26},"4":{"loc":{"start":{"line":28,"column":19},"end":{"line":28,"column":82}},"type":"cond-expr","locations":[{"start":{"line":28,"column":57},"end":{"line":28,"column":77}},{"start":{"line":28,"column":80},"end":{"line":28,"column":82}}],"line":28},"5":{"loc":{"start":{"line":40,"column":4},"end":{"line":43,"column":5}},"type":"if","locations":[{"start":{"line":40,"column":4},"end":{"line":43,"column":5}},{"start":{},"end":{}}],"line":40},"6":{"loc":{"start":{"line":64,"column":16},"end":{"line":64,"column":67}},"type":"binary-expr","locations":[{"start":{"line":64,"column":16},"end":{"line":64,"column":36}},{"start":{"line":64,"column":40},"end":{"line":64,"column":67}}],"line":64},"7":{"loc":{"start":{"line":65,"column":28},"end":{"line":65,"column":95}},"type":"binary-expr","locations":[{"start":{"line":65,"column":28},"end":{"line":65,"column":52}},{"start":{"line":65,"column":56},"end":{"line":65,"column":95}}],"line":65},"8":{"loc":{"start":{"line":66,"column":25},"end":{"line":66,"column":86}},"type":"binary-expr","locations":[{"start":{"line":66,"column":25},"end":{"line":66,"column":46}},{"start":{"line":66,"column":50},"end":{"line":66,"column":86}}],"line":66},"9":{"loc":{"start":{"line":67,"column":20},"end":{"line":69,"column":45}},"type":"cond-expr","locations":[{"start":{"line":68,"column":14},"end":{"line":68,"column":30}},{"start":{"line":69,"column":14},"end":{"line":69,"column":45}}],"line":67},"10":{"loc":{"start":{"line":67,"column":20},"end":{"line":67,"column":82}},"type":"binary-expr","locations":[{"start":{"line":67,"column":20},"end":{"line":67,"column":51}},{"start":{"line":67,"column":55},"end":{"line":67,"column":82}}],"line":67},"11":{"loc":{"start":{"line":70,"column":23},"end":{"line":72,"column":48}},"type":"cond-expr","locations":[{"start":{"line":71,"column":14},"end":{"line":71,"column":33}},{"start":{"line":72,"column":14},"end":{"line":72,"column":48}}],"line":70},"12":{"loc":{"start":{"line":70,"column":23},"end":{"line":70,"column":91}},"type":"binary-expr","locations":[{"start":{"line":70,"column":23},"end":{"line":70,"column":57}},{"start":{"line":70,"column":61},"end":{"line":70,"column":91}}],"line":70},"13":{"loc":{"start":{"line":73,"column":15},"end":{"line":73,"column":56}},"type":"binary-expr","locations":[{"start":{"line":73,"column":15},"end":{"line":73,"column":26}},{"start":{"line":73,"column":30},"end":{"line":73,"column":56}}],"line":73},"14":{"loc":{"start":{"line":74,"column":26},"end":{"line":76,"column":51}},"type":"cond-expr","locations":[{"start":{"line":75,"column":14},"end":{"line":75,"column":36}},{"start":{"line":76,"column":14},"end":{"line":76,"column":51}}],"line":74},"15":{"loc":{"start":{"line":87,"column":15},"end":{"line":87,"column":53}},"type":"binary-expr","locations":[{"start":{"line":87,"column":15},"end":{"line":87,"column":26}},{"start":{"line":87,"column":30},"end":{"line":87,"column":53}}],"line":87},"16":{"loc":{"start":{"line":96,"column":14},"end":{"line":96,"column":36}},"type":"binary-expr","locations":[{"start":{"line":96,"column":14},"end":{"line":96,"column":21}},{"start":{"line":96,"column":25},"end":{"line":96,"column":36}}],"line":96},"17":{"loc":{"start":{"line":97,"column":21},"end":{"line":97,"column":61}},"type":"cond-expr","locations":[{"start":{"line":97,"column":50},"end":{"line":97,"column":56}},{"start":{"line":97,"column":59},"end":{"line":97,"column":61}}],"line":97},"18":{"loc":{"start":{"line":98,"column":25},"end":{"line":98,"column":68}},"type":"cond-expr","locations":[{"start":{"line":98,"column":53},"end":{"line":98,"column":63}},{"start":{"line":98,"column":66},"end":{"line":98,"column":68}}],"line":98},"19":{"loc":{"start":{"line":100,"column":4},"end":{"line":111,"column":5}},"type":"if","locations":[{"start":{"line":100,"column":4},"end":{"line":111,"column":5}},{"start":{"line":107,"column":11},"end":{"line":111,"column":5}}],"line":100},"20":{"loc":{"start":{"line":115,"column":4},"end":{"line":115,"column":37}},"type":"if","locations":[{"start":{"line":115,"column":4},"end":{"line":115,"column":37}},{"start":{},"end":{}}],"line":115},"21":{"loc":{"start":{"line":116,"column":4},"end":{"line":116,"column":37}},"type":"if","locations":[{"start":{"line":116,"column":4},"end":{"line":116,"column":37}},{"start":{},"end":{}}],"line":116},"22":{"loc":{"start":{"line":127,"column":11},"end":{"line":127,"column":37}},"type":"binary-expr","locations":[{"start":{"line":127,"column":11},"end":{"line":127,"column":27}},{"start":{"line":127,"column":31},"end":{"line":127,"column":37}}],"line":127},"23":{"loc":{"start":{"line":132,"column":7},"end":{"line":140,"column":7}},"type":"binary-expr","locations":[{"start":{"line":132,"column":7},"end":{"line":132,"column":20}},{"start":{"line":133,"column":8},"end":{"line":139,"column":14}}],"line":132},"24":{"loc":{"start":{"line":142,"column":37},"end":{"line":142,"column":65}},"type":"cond-expr","locations":[{"start":{"line":142,"column":50},"end":{"line":142,"column":60}},{"start":{"line":142,"column":63},"end":{"line":142,"column":65}}],"line":142},"25":{"loc":{"start":{"line":154,"column":19},"end":{"line":154,"column":38}},"type":"binary-expr","locations":[{"start":{"line":154,"column":19},"end":{"line":154,"column":29}},{"start":{"line":154,"column":33},"end":{"line":154,"column":38}}],"line":154},"26":{"loc":{"start":{"line":166,"column":41},"end":{"line":166,"column":69}},"type":"cond-expr","locations":[{"start":{"line":166,"column":54},"end":{"line":166,"column":64}},{"start":{"line":166,"column":67},"end":{"line":166,"column":69}}],"line":166},"27":{"loc":{"start":{"line":189,"column":40},"end":{"line":189,"column":68}},"type":"cond-expr","locations":[{"start":{"line":189,"column":53},"end":{"line":189,"column":63}},{"start":{"line":189,"column":66},"end":{"line":189,"column":68}}],"line":189},"28":{"loc":{"start":{"line":195,"column":17},"end":{"line":195,"column":62}},"type":"binary-expr","locations":[{"start":{"line":195,"column":17},"end":{"line":195,"column":52}},{"start":{"line":195,"column":56},"end":{"line":195,"column":62}}],"line":195},"29":{"loc":{"start":{"line":201,"column":28},"end":{"line":201,"column":60}},"type":"cond-expr","locations":[{"start":{"line":201,"column":42},"end":{"line":201,"column":51}},{"start":{"line":201,"column":54},"end":{"line":201,"column":60}}],"line":201},"30":{"loc":{"start":{"line":205,"column":13},"end":{"line":205,"column":58}},"type":"cond-expr","locations":[{"start":{"line":205,"column":27},"end":{"line":205,"column":51}},{"start":{"line":205,"column":54},"end":{"line":205,"column":58}}],"line":205},"31":{"loc":{"start":{"line":210,"column":44},"end":{"line":210,"column":72}},"type":"cond-expr","locations":[{"start":{"line":210,"column":57},"end":{"line":210,"column":67}},{"start":{"line":210,"column":70},"end":{"line":210,"column":72}}],"line":210},"32":{"loc":{"start":{"line":222,"column":9},"end":{"line":231,"column":9}},"type":"binary-expr","locations":[{"start":{"line":222,"column":9},"end":{"line":222,"column":32}},{"start":{"line":222,"column":36},"end":{"line":222,"column":70}},{"start":{"line":223,"column":10},"end":{"line":230,"column":16}}],"line":222},"33":{"loc":{"start":{"line":223,"column":49},"end":{"line":223,"column":77}},"type":"cond-expr","locations":[{"start":{"line":223,"column":62},"end":{"line":223,"column":72}},{"start":{"line":223,"column":75},"end":{"line":223,"column":77}}],"line":223},"34":{"loc":{"start":{"line":234,"column":9},"end":{"line":239,"column":9}},"type":"binary-expr","locations":[{"start":{"line":234,"column":9},"end":{"line":234,"column":24}},{"start":{"line":235,"column":10},"end":{"line":238,"column":16}}],"line":234},"35":{"loc":{"start":{"line":235,"column":41},"end":{"line":235,"column":69}},"type":"cond-expr","locations":[{"start":{"line":235,"column":54},"end":{"line":235,"column":64}},{"start":{"line":235,"column":67},"end":{"line":235,"column":69}}],"line":235},"36":{"loc":{"start":{"line":242,"column":9},"end":{"line":247,"column":9}},"type":"binary-expr","locations":[{"start":{"line":242,"column":9},"end":{"line":242,"column":35}},{"start":{"line":243,"column":10},"end":{"line":246,"column":16}}],"line":242},"37":{"loc":{"start":{"line":243,"column":51},"end":{"line":243,"column":79}},"type":"cond-expr","locations":[{"start":{"line":243,"column":64},"end":{"line":243,"column":74}},{"start":{"line":243,"column":77},"end":{"line":243,"column":79}}],"line":243},"38":{"loc":{"start":{"line":253,"column":11},"end":{"line":258,"column":11}},"type":"binary-expr","locations":[{"start":{"line":253,"column":11},"end":{"line":253,"column":21}},{"start":{"line":254,"column":12},"end":{"line":257,"column":18}}],"line":253},"39":{"loc":{"start":{"line":276,"column":24},"end":{"line":276,"column":64}},"type":"binary-expr","locations":[{"start":{"line":276,"column":24},"end":{"line":276,"column":34}},{"start":{"line":276,"column":38},"end":{"line":276,"column":64}}],"line":276},"40":{"loc":{"start":{"line":279,"column":15},"end":{"line":286,"column":15}},"type":"cond-expr","locations":[{"start":{"line":280,"column":16},"end":{"line":283,"column":19}},{"start":{"line":285,"column":16},"end":{"line":285,"column":29}}],"line":279},"41":{"loc":{"start":{"line":290,"column":11},"end":{"line":290,"column":77}},"type":"binary-expr","locations":[{"start":{"line":290,"column":11},"end":{"line":290,"column":16}},{"start":{"line":290,"column":20},"end":{"line":290,"column":77}}],"line":290}},"s":{"0":1,"1":62,"2":62,"3":62,"4":62,"5":62,"6":62,"7":62,"8":62,"9":62,"10":62,"11":62,"12":62,"13":62,"14":62,"15":62,"16":62,"17":2,"18":2,"19":2,"20":2,"21":62,"22":6,"23":0,"24":0,"25":6,"26":6,"27":6,"28":6,"29":5,"30":5,"31":5,"32":5,"33":5,"34":5,"35":0,"36":5,"37":5,"38":5,"39":5,"40":0,"41":1,"42":6,"43":62,"44":5,"45":5,"46":5,"47":5,"48":13,"49":5,"50":5,"51":5,"52":5,"53":0,"54":5,"55":0,"56":0,"57":0,"58":0,"59":0,"60":62,"61":62,"62":61,"63":1,"64":1,"65":0,"66":62,"67":62,"68":62,"69":62,"70":84,"71":2,"72":184,"73":170,"74":105,"75":6},"f":{"0":62,"1":2,"2":6,"3":5,"4":0,"5":0,"6":5,"7":13,"8":0,"9":0,"10":0,"11":62,"12":62,"13":84,"14":2,"15":184,"16":170,"17":105,"18":6},"b":{"0":[11,51],"1":[62,11],"2":[62,0],"3":[62,0],"4":[62,0],"5":[0,6],"6":[5,0],"7":[5,0],"8":[5,0],"9":[5,0],"10":[5,5],"11":[5,0],"12":[5,5],"13":[5,0],"14":[0,5],"15":[1,0],"16":[5,0],"17":[5,0],"18":[5,0],"19":[5,0],"20":[61,1],"21":[1,0],"22":[62,0],"23":[62,10],"24":[6,56],"25":[84,51],"26":[5,57],"27":[5,57],"28":[184,122],"29":[1,61],"30":[1,61],"31":[5,57],"32":[62,62,60],"33":[5,55],"34":[62,61],"35":[5,56],"36":[62,50],"37":[5,45],"38":[62,6],"39":[62,56],"40":[6,56],"41":[62,1]},"_coverageSchema":"1a1c01bbd47fc00a2c39e90264f33305004495a9","hash":"ae69079e0c1120cab8f8a31aefde4a37dfcb48a0"}
,"/Users/karthikmg/Documents/linkedin-post-master/frontend/src/components/VariantCard.js": {"path":"/Users/karthikmg/Documents/linkedin-post-master/frontend/src/components/VariantCard.js","statementMap":{"0":{"start":{"line":4,"column":27},"end":{"line":8,"column":1}},"1":{"start":{"line":10,"column":22},"end":{"line":14,"column":1}},"2":{"start":{"line":11,"column":2},"end":{"line":11,"column":35}},"3":{"start":{"line":11,"column":18},"end":{"line":11,"column":35}},"4":{"start":{"line":12,"column":2},"end":{"line":12,"column":35}},"5":{"start":{"line":12,"column":18},"end":{"line":12,"column":35}},"6":{"start":{"line":13,"column":2},"end":{"line":13,"column":19}},"7":{"start":{"line":17,"column":22},"end":{"line":17,"column":120}},"8":{"start":{"line":18,"column":19},"end":{"line":18,"column":71}},"9":{"start":{"line":19,"column":23},"end":{"line":19,"column":78}},"10":{"start":{"line":20,"column":21},"end":{"line":20,"column":60}},"11":{"start":{"line":22,"column":22},"end":{"line":26,"column":29}},"12":{"start":{"line":28,"column":2},"end":{"line":97,"column":4}},"13":{"start":{"line":63,"column":10},"end":{"line":66,"column":27}},"14":{"start":{"line":74,"column":12},"end":{"line":74,"column":73}},"15":{"start":{"line":90,"column":25},"end":{"line":90,"column":40}}},"fnMap":{"0":{"name":"(anonymous_0)","decl":{"start":{"line":10,"column":22},"end":{"line":10,"column":23}},"loc":{"start":{"line":10,"column":33},"end":{"line":14,"column":1}},"line":10},"1":{"name":"VariantCard","decl":{"start":{"line":16,"column":9},"end":{"line":16,"column":20}},"loc":{"start":{"line":16,"column":88},"end":{"line":98,"column":1}},"line":16},"2":{"name":"(anonymous_2)","decl":{"start":{"line":62,"column":34},"end":{"line":62,"column":35}},"loc":{"start":{"line":63,"column":10},"end":{"line":66,"column":27}},"line":63},"3":{"name":"(anonymous_3)","decl":{"start":{"line":73,"column":28},"end":{"line":73,"column":29}},"loc":{"start":{"line":74,"column":12},"end":{"line":74,"column":73}},"line":74},"4":{"name":"(anonymous_4)","decl":{"start":{"line":90,"column":19},"end":{"line":90,"column":20}},"loc":{"start":{"line":90,"column":25},"end":{"line":90,"column":40}},"line":90}},"branchMap":{"0":{"loc":{"start":{"line":11,"column":2},"end":{"line":11,"column":35}},"type":"if","locations":[{"start":{"line":11,"column":2},"end":{"line":11,"column":35}},{"start":{},"end":{}}],"line":11},"1":{"loc":{"start":{"line":12,"column":2},"end":{"line":12,"column":35}},"type":"if","locations":[{"start":{"line":12,"column":2},"end":{"line":12,"column":35}},{"start":{},"end":{}}],"line":12},"2":{"loc":{"start":{"line":17,"column":22},"end":{"line":17,"column":120}},"type":"binary-expr","locations":[{"start":{"line":17,"column":22},"end":{"line":17,"column":61}},{"start":{"line":17,"column":65},"end":{"line":17,"column":120}}],"line":17},"3":{"loc":{"start":{"line":17,"column":86},"end":{"line":17,"column":118}},"type":"binary-expr","locations":[{"start":{"line":17,"column":86},"end":{"line":17,"column":105}},{"start":{"line":17,"column":109},"end":{"line":17,"column":118}}],"line":17},"4":{"loc":{"start":{"line":18,"column":19},"end":{"line":18,"column":71}},"type":"cond-expr","locations":[{"start":{"line":18,"column":54},"end":{"line":18,"column":66}},{"start":{"line":18,"column":69},"end":{"line":18,"column":71}}],"line":18},"5":{"loc":{"start":{"line":19,"column":23},"end":{"line":19,"column":78}},"type":"cond-expr","locations":[{"start":{"line":19,"column":57},"end":{"line":19,"column":73}},{"start":{"line":19,"column":76},"end":{"line":19,"column":78}}],"line":19},"6":{"loc":{"start":{"line":24,"column":4},"end":{"line":24,"column":46}},"type":"cond-expr","locations":[{"start":{"line":24,"column":17},"end":{"line":24,"column":41}},{"start":{"line":24,"column":44},"end":{"line":24,"column":46}}],"line":24},"7":{"loc":{"start":{"line":25,"column":4},"end":{"line":25,"column":64}},"type":"cond-expr","locations":[{"start":{"line":25,"column":37},"end":{"line":25,"column":59}},{"start":{"line":25,"column":62},"end":{"line":25,"column":64}}],"line":25},"8":{"loc":{"start":{"line":25,"column":4},"end":{"line":25,"column":34}},"type":"binary-expr","locations":[{"start":{"line":25,"column":4},"end":{"line":25,"column":15}},{"start":{"line":25,"column":19},"end":{"line":25,"column":34}}],"line":25},"9":{"loc":{"start":{"line":41,"column":11},"end":{"line":41,"column":59}},"type":"binary-expr","locations":[{"start":{"line":41,"column":11},"end":{"line":41,"column":24}},{"start":{"line":41,"column":28},"end":{"line":41,"column":59}}],"line":41},"10":{"loc":{"start":{"line":54,"column":7},"end":{"line":58,"column":7}},"type":"binary-expr","locations":[{"start":{"line":54,"column":7},"end":{"line":54,"column":28}},{"start":{"line":55,"column":8},"end":{"line":57,"column":14}}],"line":54},"11":{"loc":{"start":{"line":65,"column":13},"end":{"line":65,"column":41}},"type":"binary-expr","locations":[{"start":{"line":65,"column":13},"end":{"line":65,"column":31}},{"start":{"line":65,"column":35},"end":{"line":65,"column":41}}],"line":65},"12":{"loc":{"start":{"line":71,"column":7},"end":{"line":77,"column":7}},"type":"binary-expr","locations":[{"start":{"line":71,"column":7},"end":{"line":71,"column":30}},{"start":{"line":72,"column":8},"end":{"line":76,"column":14}}],"line":71},"13":{"loc":{"start":{"line":82,"column":49},"end":{"line":82,"column":101}},"type":"cond-expr","locations":[{"start":{"line":82,"column":62},"end":{"line":82,"column":96}},{"start":{"line":82,"column":99},"end":{"line":82,"column":101}}],"line":82},"14":{"loc":{"start":{"line":86,"column":11},"end":{"line":86,"column":60}},"type":"cond-expr","locations":[{"start":{"line":86,"column":24},"end":{"line":86,"column":36}},{"start":{"line":86,"column":39},"end":{"line":86,"column":60}}],"line":86}},"s":{"0":2,"1":2,"2":108,"3":95,"4":13,"5":12,"6":1,"7":108,"8":108,"9":108,"10":108,"11":108,"12":108,"13":320,"14":280,"15":6},"f":{"0":108,"1":108,"2":320,"3":280,"4":6},"b":{"0":[95,13],"1":[12,1],"2":[108,52],"3":[52,51],"4":[107,1],"5":[107,1],"6":[64,44],"7":[5,103],"8":[108,44],"9":[108,51],"10":[108,108],"11":[320,212],"12":[108,106],"13":[64,44],"14":[64,44]},"_coverageSchema":"1a1c01bbd47fc00a2c39e90264f33305004495a9","hash":"1e0004a60116694378465eeb872731ad53ece61c"}
,"/Users/karthikmg/Documents/linkedin-post-master/frontend/src/components/auth/AccessDenied.js": {"path":"/Users/karthikmg/Documents/linkedin-post-master/frontend/src/components/auth/AccessDenied.js","statementMap":{"0":{"start":{"line":5,"column":19},"end":{"line":5,"column":32}},"1":{"start":{"line":7,"column":2},"end":{"line":23,"column":4}},"2":{"start":{"line":17,"column":25},"end":{"line":17,"column":62}}},"fnMap":{"0":{"name":"AccessDenied","decl":{"start":{"line":4,"column":9},"end":{"line":4,"column":21}},"loc":{"start":{"line":4,"column":24},"end":{"line":24,"column":1}},"line":4},"1":{"name":"(anonymous_1)","decl":{"start":{"line":17,"column":19},"end":{"line":17,"column":20}},"loc":{"start":{"line":17,"column":25},"end":{"line":17,"column":62}},"line":17}},"branchMap":{},"s":{"0":0,"1":0,"2":0},"f":{"0":0,"1":0},"b":{}}
,"/Users/karthikmg/Documents/linkedin-post-master/frontend/src/components/auth/LoginPage.js": {"path":"/Users/karthikmg/Documents/linkedin-post-master/frontend/src/components/auth/LoginPage.js","statementMap":{"0":{"start":{"line":7,"column":20},"end":{"line":7,"column":29}},"1":{"start":{"line":8,"column":19},"end":{"line":8,"column":32}},"2":{"start":{"line":9,"column":28},"end":{"line":9,"column":42}},"3":{"start":{"line":10,"column":32},"end":{"line":10,"column":47}},"4":{"start":{"line":12,"column":24},"end":{"line":24,"column":3}},"5":{"start":{"line":13,"column":4},"end":{"line":13,"column":19}},"6":{"start":{"line":14,"column":4},"end":{"line":14,"column":21}},"7":{"start":{"line":15,"column":4},"end":{"line":23,"column":5}},"8":{"start":{"line":16,"column":6},"end":{"line":16,"column":49}},"9":{"start":{"line":17,"column":6},"end":{"line":17,"column":39}},"10":{"start":{"line":20,"column":6},"end":{"line":20,"column":67}},"11":{"start":{"line":22,"column":6},"end":{"line":22,"column":24}},"12":{"start":{"line":26,"column":22},"end":{"line":28,"column":3}},"13":{"start":{"line":27,"column":4},"end":{"line":27,"column":74}},"14":{"start":{"line":30,"column":2},"end":{"line":68,"column":4}}},"fnMap":{"0":{"name":"LoginPage","decl":{"start":{"line":6,"column":9},"end":{"line":6,"column":18}},"loc":{"start":{"line":6,"column":21},"end":{"line":69,"column":1}},"line":6},"1":{"name":"(anonymous_1)","decl":{"start":{"line":12,"column":24},"end":{"line":12,"column":25}},"loc":{"start":{"line":12,"column":54},"end":{"line":24,"column":3}},"line":12},"2":{"name":"(anonymous_2)","decl":{"start":{"line":26,"column":22},"end":{"line":26,"column":23}},"loc":{"start":{"line":26,"column":28},"end":{"line":28,"column":3}},"line":26}},"branchMap":{"0":{"loc":{"start":{"line":20,"column":15},"end":{"line":20,"column":65}},"type":"binary-expr","locations":[{"start":{"line":20,"column":15},"end":{"line":20,"column":26}},{"start":{"line":20,"column":30},"end":{"line":20,"column":65}}],"line":20},"1":{"loc":{"start":{"line":51,"column":9},"end":{"line":59,"column":9}},"type":"cond-expr","locations":[{"start":{"line":52,"column":10},"end":{"line":52,"column":58}},{"start":{"line":54,"column":10},"end":{"line":58,"column":12}}],"line":51},"2":{"loc":{"start":{"line":61,"column":9},"end":{"line":65,"column":9}},"type":"binary-expr","locations":[{"start":{"line":61,"column":9},"end":{"line":61,"column":14}},{"start":{"line":62,"column":10},"end":{"line":64,"column":16}}],"line":61}},"s":{"0":0,"1":0,"2":0,"3":0,"4":0,"5":0,"6":0,"7":0,"8":0,"9":0,"10":0,"11":0,"12":0,"13":0,"14":0},"f":{"0":0,"1":0,"2":0},"b":{"0":[0,0],"1":[0,0],"2":[0,0]}}
,"/Users/karthikmg/Documents/linkedin-post-master/frontend/src/components/auth/ProtectedRoute.js": {"path":"/Users/karthikmg/Documents/linkedin-post-master/frontend/src/components/auth/ProtectedRoute.js","statementMap":{"0":{"start":{"line":6,"column":30},"end":{"line":6,"column":39}},"1":{"start":{"line":7,"column":19},"end":{"line":7,"column":32}},"2":{"start":{"line":9,"column":2},"end":{"line":12,"column":3}},"3":{"start":{"line":11,"column":4},"end":{"line":11,"column":71}},"4":{"start":{"line":14,"column":2},"end":{"line":14,"column":18}}},"fnMap":{"0":{"name":"ProtectedRoute","decl":{"start":{"line":5,"column":9},"end":{"line":5,"column":23}},"loc":{"start":{"line":5,"column":38},"end":{"line":15,"column":1}},"line":5}},"branchMap":{"0":{"loc":{"start":{"line":9,"column":2},"end":{"line":12,"column":3}},"type":"if","locations":[{"start":{"line":9,"column":2},"end":{"line":12,"column":3}},{"start":{},"end":{}}],"line":9}},"s":{"0":0,"1":0,"2":0,"3":0,"4":0},"f":{"0":0},"b":{"0":[0,0]}}
,"/Users/karthikmg/Documents/linkedin-post-master/frontend/src/context/AuthProvider.js": {"path":"/Users/karthikmg/Documents/linkedin-post-master/frontend/src/context/AuthProvider.js","statementMap":{"0":{"start":{"line":4,"column":20},"end":{"line":4,"column":39}},"1":{"start":{"line":8,"column":28},"end":{"line":8,"column":42}},"2":{"start":{"line":9,"column":26},"end":{"line":9,"column":40}},"3":{"start":{"line":11,"column":46},"end":{"line":11,"column":60}},"4":{"start":{"line":12,"column":38},"end":{"line":12,"column":50}},"5":{"start":{"line":15,"column":2},"end":{"line":17,"column":14}},"6":{"start":{"line":16,"column":4},"end":{"line":16,"column":34}},"7":{"start":{"line":16,"column":27},"end":{"line":16,"column":32}},"8":{"start":{"line":19,"column":16},"end":{"line":24,"column":8}},"9":{"start":{"line":20,"column":17},"end":{"line":20,"column":67}},"10":{"start":{"line":21,"column":4},"end":{"line":21,"column":25}},"11":{"start":{"line":22,"column":4},"end":{"line":22,"column":23}},"12":{"start":{"line":23,"column":4},"end":{"line":23,"column":16}},"13":{"start":{"line":26,"column":17},"end":{"line":30,"column":8}},"14":{"start":{"line":27,"column":4},"end":{"line":27,"column":19}},"15":{"start":{"line":28,"column":4},"end":{"line":28,"column":18}},"16":{"start":{"line":29,"column":4},"end":{"line":29,"column":28}},"17":{"start":{"line":33,"column":22},"end":{"line":36,"column":8}},"18":{"start":{"line":34,"column":4},"end":{"line":34,"column":33}},"19":{"start":{"line":35,"column":4},"end":{"line":35,"column":25}},"20":{"start":{"line":38,"column":2},"end":{"line":53,"column":4}},"21":{"start":{"line":57,"column":14},"end":{"line":57,"column":37}},"22":{"start":{"line":58,"column":2},"end":{"line":58,"column":74}},"23":{"start":{"line":58,"column":12},"end":{"line":58,"column":74}},"24":{"start":{"line":59,"column":2},"end":{"line":59,"column":13}}},"fnMap":{"0":{"name":"AuthProvider","decl":{"start":{"line":6,"column":16},"end":{"line":6,"column":28}},"loc":{"start":{"line":6,"column":43},"end":{"line":54,"column":1}},"line":6},"1":{"name":"(anonymous_1)","decl":{"start":{"line":15,"column":12},"end":{"line":15,"column":13}},"loc":{"start":{"line":15,"column":18},"end":{"line":17,"column":3}},"line":15},"2":{"name":"(anonymous_2)","decl":{"start":{"line":16,"column":21},"end":{"line":16,"column":22}},"loc":{"start":{"line":16,"column":27},"end":{"line":16,"column":32}},"line":16},"3":{"name":"(anonymous_3)","decl":{"start":{"line":19,"column":28},"end":{"line":19,"column":29}},"loc":{"start":{"line":19,"column":56},"end":{"line":24,"column":3}},"line":19},"4":{"name":"(anonymous_4)","decl":{"start":{"line":26,"column":29},"end":{"line":26,"column":30}},"loc":{"start":{"line":26,"column":35},"end":{"line":30,"column":3}},"line":26},"5":{"name":"(anonymous_5)","decl":{"start":{"line":33,"column":34},"end":{"line":33,"column":35}},"loc":{"start":{"line":33,"column":56},"end":{"line":36,"column":3}},"line":33},"6":{"name":"useAuth","decl":{"start":{"line":56,"column":16},"end":{"line":56,"column":23}},"loc":{"start":{"line":56,"column":26},"end":{"line":60,"column":1}},"line":56}},"branchMap":{"0":{"loc":{"start":{"line":58,"column":2},"end":{"line":58,"column":74}},"type":"if","locations":[{"start":{"line":58,"column":2},"end":{"line":58,"column":74}},{"start":{},"end":{}}],"line":58}},"s":{"0":0,"1":0,"2":0,"3":0,"4":0,"5":0,"6":0,"7":0,"8":0,"9":0,"10":0,"11":0,"12":0,"13":0,"14":0,"15":0,"16":0,"17":0,"18":0,"19":0,"20":0,"21":0,"22":0,"23":0,"24":0},"f":{"0":0,"1":0,"2":0,"3":0,"4":0,"5":0,"6":0},"b":{"0":[0,0]}}
,"/Users/karthikmg/Documents/linkedin-post-master/frontend/src/services/apiService.js": {"path":"/Users/karthikmg/Documents/linkedin-post-master/frontend/src/services/apiService.js","statementMap":{"0":{"start":{"line":3,"column":21},"end":{"line":3,"column":77}},"1":{"start":{"line":10,"column":37},"end":{"line":10,"column":42}},"2":{"start":{"line":12,"column":18},"end":{"line":12,"column":57}},"3":{"start":{"line":20,"column":16},"end":{"line":20,"column":26}},"4":{"start":{"line":20,"column":22},"end":{"line":20,"column":26}},"5":{"start":{"line":22,"column":32},"end":{"line":24,"column":1}},"6":{"start":{"line":23,"column":2},"end":{"line":23,"column":17}},"7":{"start":{"line":27,"column":0},"end":{"line":33,"column":3}},"8":{"start":{"line":28,"column":16},"end":{"line":28,"column":27}},"9":{"start":{"line":29,"column":2},"end":{"line":31,"column":3}},"10":{"start":{"line":30,"column":4},"end":{"line":30,"column":53}},"11":{"start":{"line":32,"column":2},"end":{"line":32,"column":16}},"12":{"start":{"line":43,"column":30},"end":{"line":74,"column":1}},"13":{"start":{"line":45,"column":2},"end":{"line":49,"column":3}},"14":{"start":{"line":46,"column":4},"end":{"line":48,"column":6}},"15":{"start":{"line":52,"column":2},"end":{"line":56,"column":3}},"16":{"start":{"line":53,"column":4},"end":{"line":55,"column":6}},"17":{"start":{"line":59,"column":2},"end":{"line":65,"column":3}},"18":{"start":{"line":62,"column":4},"end":{"line":64,"column":5}},"19":{"start":{"line":63,"column":6},"end":{"line":63,"column":38}},"20":{"start":{"line":69,"column":4},"end":{"line":71,"column":57}},"21":{"start":{"line":73,"column":2},"end":{"line":73,"column":44}},"22":{"start":{"line":76,"column":0},"end":{"line":76,"column":76}},"23":{"start":{"line":76,"column":50},"end":{"line":76,"column":58}},"24":{"start":{"line":82,"column":19},"end":{"line":141,"column":1}},"25":{"start":{"line":88,"column":21},"end":{"line":88,"column":85}},"26":{"start":{"line":89,"column":4},"end":{"line":89,"column":25}},"27":{"start":{"line":96,"column":21},"end":{"line":96,"column":35}},"28":{"start":{"line":98,"column":4},"end":{"line":98,"column":50}},"29":{"start":{"line":98,"column":14},"end":{"line":98,"column":50}},"30":{"start":{"line":99,"column":4},"end":{"line":99,"column":46}},"31":{"start":{"line":99,"column":13},"end":{"line":99,"column":46}},"32":{"start":{"line":100,"column":4},"end":{"line":102,"column":5}},"33":{"start":{"line":101,"column":6},"end":{"line":101,"column":71}},"34":{"start":{"line":101,"column":32},"end":{"line":101,"column":69}},"35":{"start":{"line":103,"column":4},"end":{"line":103,"column":47}},"36":{"start":{"line":103,"column":13},"end":{"line":103,"column":47}},"37":{"start":{"line":105,"column":21},"end":{"line":107,"column":6}},"38":{"start":{"line":108,"column":4},"end":{"line":108,"column":25}},"39":{"start":{"line":116,"column":21},"end":{"line":116,"column":35}},"40":{"start":{"line":117,"column":4},"end":{"line":117,"column":43}},"41":{"start":{"line":118,"column":4},"end":{"line":118,"column":42}},"42":{"start":{"line":119,"column":4},"end":{"line":119,"column":60}},"43":{"start":{"line":119,"column":19},"end":{"line":119,"column":60}},"44":{"start":{"line":120,"column":4},"end":{"line":120,"column":65}},"45":{"start":{"line":120,"column":21},"end":{"line":120,"column":65}},"46":{"start":{"line":121,"column":4},"end":{"line":121,"column":47}},"47":{"start":{"line":121,"column":15},"end":{"line":121,"column":47}},"48":{"start":{"line":123,"column":21},"end":{"line":125,"column":6}},"49":{"start":{"line":126,"column":4},"end":{"line":126,"column":25}},"50":{"start":{"line":133,"column":4},"end":{"line":139,"column":5}},"51":{"start":{"line":134,"column":23},"end":{"line":134,"column":57}},"52":{"start":{"line":135,"column":6},"end":{"line":135,"column":27}},"53":{"start":{"line":137,"column":6},"end":{"line":137,"column":50}},"54":{"start":{"line":138,"column":6},"end":{"line":138,"column":57}}},"fnMap":{"0":{"name":"(anonymous_0)","decl":{"start":{"line":20,"column":16},"end":{"line":20,"column":17}},"loc":{"start":{"line":20,"column":22},"end":{"line":20,"column":26}},"line":20},"1":{"name":"(anonymous_1)","decl":{"start":{"line":22,"column":32},"end":{"line":22,"column":33}},"loc":{"start":{"line":22,"column":40},"end":{"line":24,"column":1}},"line":22},"2":{"name":"(anonymous_2)","decl":{"start":{"line":27,"column":35},"end":{"line":27,"column":36}},"loc":{"start":{"line":27,"column":47},"end":{"line":33,"column":1}},"line":27},"3":{"name":"(anonymous_3)","decl":{"start":{"line":43,"column":30},"end":{"line":43,"column":31}},"loc":{"start":{"line":43,"column":41},"end":{"line":74,"column":1}},"line":43},"4":{"name":"(anonymous_4)","decl":{"start":{"line":76,"column":36},"end":{"line":76,"column":37}},"loc":{"start":{"line":76,"column":50},"end":{"line":76,"column":58}},"line":76},"5":{"name":"(anonymous_5)","decl":{"start":{"line":87,"column":2},"end":{"line":87,"column":3}},"loc":{"start":{"line":87,"column":37},"end":{"line":90,"column":3}},"line":87},"6":{"name":"(anonymous_6)","decl":{"start":{"line":95,"column":2},"end":{"line":95,"column":3}},"loc":{"start":{"line":95,"column":49},"end":{"line":109,"column":3}},"line":95},"7":{"name":"(anonymous_7)","decl":{"start":{"line":101,"column":21},"end":{"line":101,"column":22}},"loc":{"start":{"line":101,"column":32},"end":{"line":101,"column":69}},"line":101},"8":{"name":"(anonymous_8)","decl":{"start":{"line":115,"column":2},"end":{"line":115,"column":3}},"loc":{"start":{"line":115,"column":74},"end":{"line":127,"column":3}},"line":115},"9":{"name":"(anonymous_9)","decl":{"start":{"line":132,"column":2},"end":{"line":132,"column":3}},"loc":{"start":{"line":132,"column":22},"end":{"line":140,"column":3}},"line":132}},"branchMap":{"0":{"loc":{"start":{"line":3,"column":21},"end":{"line":3,"column":77}},"type":"binary-expr","locations":[{"start":{"line":3,"column":21},"end":{"line":3,"column":50}},{"start":{"line":3,"column":54},"end":{"line":3,"column":77}}],"line":3},"1":{"loc":{"start":{"line":29,"column":2},"end":{"line":31,"column":3}},"type":"if","locations":[{"start":{"line":29,"column":2},"end":{"line":31,"column":3}},{"start":{},"end":{}}],"line":29},"2":{"loc":{"start":{"line":45,"column":2},"end":{"line":49,"column":3}},"type":"if","locations":[{"start":{"line":45,"column":2},"end":{"line":49,"column":3}},{"start":{},"end":{}}],"line":45},"3":{"loc":{"start":{"line":52,"column":2},"end":{"line":56,"column":3}},"type":"if","locations":[{"start":{"line":52,"column":2},"end":{"line":56,"column":3}},{"start":{},"end":{}}],"line":52},"4":{"loc":{"start":{"line":59,"column":2},"end":{"line":65,"column":3}},"type":"if","locations":[{"start":{"line":59,"column":2},"end":{"line":65,"column":3}},{"start":{},"end":{}}],"line":59},"5":{"loc":{"start":{"line":62,"column":4},"end":{"line":64,"column":5}},"type":"if","locations":[{"start":{"line":62,"column":4},"end":{"line":64,"column":5}},{"start":{},"end":{}}],"line":62},"6":{"loc":{"start":{"line":69,"column":4},"end":{"line":71,"column":57}},"type":"binary-expr","locations":[{"start":{"line":69,"column":4},"end":{"line":69,"column":40}},{"start":{"line":70,"column":4},"end":{"line":70,"column":32}},{"start":{"line":71,"column":4},"end":{"line":71,"column":57}}],"line":69},"7":{"loc":{"start":{"line":98,"column":4},"end":{"line":98,"column":50}},"type":"if","locations":[{"start":{"line":98,"column":4},"end":{"line":98,"column":50}},{"start":{},"end":{}}],"line":98},"8":{"loc":{"start":{"line":99,"column":4},"end":{"line":99,"column":46}},"type":"if","locations":[{"start":{"line":99,"column":4},"end":{"line":99,"column":46}},{"start":{},"end":{}}],"line":99},"9":{"loc":{"start":{"line":100,"column":4},"end":{"line":102,"column":5}},"type":"if","locations":[{"start":{"line":100,"column":4},"end":{"line":102,"column":5}},{"start":{},"end":{}}],"line":100},"10":{"loc":{"start":{"line":100,"column":8},"end":{"line":100,"column":35}},"type":"binary-expr","locations":[{"start":{"line":100,"column":8},"end":{"line":100,"column":14}},{"start":{"line":100,"column":18},"end":{"line":100,"column":35}}],"line":100},"11":{"loc":{"start":{"line":103,"column":4},"end":{"line":103,"column":47}},"type":"if","locations":[{"start":{"line":103,"column":4},"end":{"line":103,"column":47}},{"start":{},"end":{}}],"line":103},"12":{"loc":{"start":{"line":119,"column":4},"end":{"line":119,"column":60}},"type":"if","locations":[{"start":{"line":119,"column":4},"end":{"line":119,"column":60}},{"start":{},"end":{}}],"line":119},"13":{"loc":{"start":{"line":120,"column":4},"end":{"line":120,"column":65}},"type":"if","locations":[{"start":{"line":120,"column":4},"end":{"line":120,"column":65}},{"start":{},"end":{}}],"line":120},"14":{"loc":{"start":{"line":121,"column":4},"end":{"line":121,"column":47}},"type":"if","locations":[{"start":{"line":121,"column":4},"end":{"line":121,"column":47}},{"start":{},"end":{}}],"line":121}},"s":{"0":0,"1":0,"2":0,"3":0,"4":0,"5":0,"6":0,"7":0,"8":0,"9":0,"10":0,"11":0,"12":0,"13":0,"14":0,"15":0,"16":0,"17":0,"18":0,"19":0,"20":0,"21":0,"22":0,"23":0,"24":0,"25":0,"26":0,"27":0,"28":0,"29":0,"30":0,"31":0,"32":0,"33":0,"34":0,"35":0,"36":0,"37":0,"38":0,"39":0,"40":0,"41":0,"42":0,"43":0,"44":0,"45":0,"46":0,"47":0,"48":0,"49":0,"50":0,"51":0,"52":0,"53":0,"54":0},"f":{"0":0,"1":0,"2":0,"3":0,"4":0,"5":0,"6":0,"7":0,"8":0,"9":0},"b":{"0":[0,0],"1":[0,0],"2":[0,0],"3":[0,0],"4":[0,0],"5":[0,0],"6":[0,0,0],"7":[0,0],"8":[0,0],"9":[0,0],"10":[0,0],"11":[0,0],"12":[0,0],"13":[0,0],"14":[0,0]}}
}
