{"/Users/karthikmg/Documents/linkedin-post-master/frontend/src/App.js": {"path":"/Users/karthikmg/Documents/linkedin-post-master/frontend/src/App.js","statementMap":{"0":{"start":{"line":7,"column":44},"end":{"line":7,"column":58}},"1":{"start":{"line":8,"column":36},"end":{"line":8,"column":51}},"2":{"start":{"line":10,"column":30},"end":{"line":13,"column":3}},"3":{"start":{"line":11,"column":4},"end":{"line":11,"column":29}},"4":{"start":{"line":12,"column":4},"end":{"line":12,"column":24}},"5":{"start":{"line":15,"column":27},"end":{"line":18,"column":3}},"6":{"start":{"line":16,"column":4},"end":{"line":16,"column":23}},"7":{"start":{"line":17,"column":4},"end":{"line":17,"column":27}},"8":{"start":{"line":20,"column":22},"end":{"line":23,"column":3}},"9":{"start":{"line":21,"column":4},"end":{"line":21,"column":27}},"10":{"start":{"line":22,"column":4},"end":{"line":22,"column":24}},"11":{"start":{"line":25,"column":24},"end":{"line":28,"column":3}},"12":{"start":{"line":26,"column":4},"end":{"line":26,"column":18}},"13":{"start":{"line":27,"column":4},"end":{"line":27,"column":52}},"14":{"start":{"line":30,"column":2},"end":{"line":102,"column":4}}},"fnMap":{"0":{"name":"App","decl":{"start":{"line":6,"column":9},"end":{"line":6,"column":12}},"loc":{"start":{"line":6,"column":15},"end":{"line":103,"column":1}},"line":6},"1":{"name":"(anonymous_1)","decl":{"start":{"line":10,"column":30},"end":{"line":10,"column":31}},"loc":{"start":{"line":10,"column":42},"end":{"line":13,"column":3}},"line":10},"2":{"name":"(anonymous_2)","decl":{"start":{"line":15,"column":27},"end":{"line":15,"column":28}},"loc":{"start":{"line":15,"column":33},"end":{"line":18,"column":3}},"line":15},"3":{"name":"(anonymous_3)","decl":{"start":{"line":20,"column":22},"end":{"line":20,"column":23}},"loc":{"start":{"line":20,"column":28},"end":{"line":23,"column":3}},"line":20},"4":{"name":"(anonymous_4)","decl":{"start":{"line":25,"column":24},"end":{"line":25,"column":25}},"loc":{"start":{"line":25,"column":30},"end":{"line":28,"column":3}},"line":25}},"branchMap":{"0":{"loc":{"start":{"line":82,"column":11},"end":{"line":87,"column":11}},"type":"binary-expr","locations":[{"start":{"line":82,"column":11},"end":{"line":82,"column":20}},{"start":{"line":83,"column":12},"end":{"line":86,"column":18}}],"line":82},"1":{"loc":{"start":{"line":89,"column":11},"end":{"line":94,"column":11}},"type":"binary-expr","locations":[{"start":{"line":89,"column":11},"end":{"line":89,"column":24}},{"start":{"line":89,"column":28},"end":{"line":89,"column":38}},{"start":{"line":90,"column":12},"end":{"line":93,"column":14}}],"line":89}},"s":{"0":0,"1":0,"2":0,"3":0,"4":0,"5":0,"6":0,"7":0,"8":0,"9":0,"10":0,"11":0,"12":0,"13":0,"14":0},"f":{"0":0,"1":0,"2":0,"3":0,"4":0},"b":{"0":[0,0],"1":[0,0,0]}}
,"/Users/karthikmg/Documents/linkedin-post-master/frontend/src/index.js": {"path":"/Users/karthikmg/Documents/linkedin-post-master/frontend/src/index.js","statementMap":{"0":{"start":{"line":7,"column":13},"end":{"line":7,"column":65}},"1":{"start":{"line":8,"column":0},"end":{"line":14,"column":2}}},"fnMap":{},"branchMap":{},"s":{"0":0,"1":0},"f":{},"b":{}}
,"/Users/karthikmg/Documents/linkedin-post-master/frontend/src/components/ErrorBoundary.js": {"path":"/Users/karthikmg/Documents/linkedin-post-master/frontend/src/components/ErrorBoundary.js","statementMap":{"0":{"start":{"line":11,"column":4},"end":{"line":11,"column":17}},"1":{"start":{"line":12,"column":4},"end":{"line":12,"column":50}},"2":{"start":{"line":16,"column":4},"end":{"line":16,"column":37}},"3":{"start":{"line":21,"column":4},"end":{"line":21,"column":71}},"4":{"start":{"line":24,"column":16},"end":{"line":26,"column":3}},"5":{"start":{"line":25,"column":4},"end":{"line":25,"column":52}},"6":{"start":{"line":29,"column":4},"end":{"line":39,"column":5}},"7":{"start":{"line":30,"column":6},"end":{"line":38,"column":8}},"8":{"start":{"line":41,"column":4},"end":{"line":41,"column":31}}},"fnMap":{"0":{"name":"(anonymous_0)","decl":{"start":{"line":10,"column":2},"end":{"line":10,"column":3}},"loc":{"start":{"line":10,"column":21},"end":{"line":13,"column":3}},"line":10},"1":{"name":"(anonymous_1)","decl":{"start":{"line":15,"column":2},"end":{"line":15,"column":3}},"loc":{"start":{"line":15,"column":41},"end":{"line":17,"column":3}},"line":15},"2":{"name":"(anonymous_2)","decl":{"start":{"line":19,"column":2},"end":{"line":19,"column":3}},"loc":{"start":{"line":19,"column":33},"end":{"line":22,"column":3}},"line":19},"3":{"name":"(anonymous_3)","decl":{"start":{"line":24,"column":16},"end":{"line":24,"column":17}},"loc":{"start":{"line":24,"column":22},"end":{"line":26,"column":3}},"line":24},"4":{"name":"(anonymous_4)","decl":{"start":{"line":28,"column":2},"end":{"line":28,"column":3}},"loc":{"start":{"line":28,"column":11},"end":{"line":42,"column":3}},"line":28}},"branchMap":{"0":{"loc":{"start":{"line":29,"column":4},"end":{"line":39,"column":5}},"type":"if","locations":[{"start":{"line":29,"column":4},"end":{"line":39,"column":5}},{"start":{},"end":{}}],"line":29}},"s":{"0":15,"1":14,"2":13,"3":6,"4":14,"5":1,"6":29,"7":13,"8":16},"f":{"0":15,"1":13,"2":6,"3":1,"4":29},"b":{"0":[13,16]},"_coverageSchema":"1a1c01bbd47fc00a2c39e90264f33305004495a9","hash":"437eca70612cedc1d95c831ee10e4cb05a5aff9a"}
,"/Users/karthikmg/Documents/linkedin-post-master/frontend/src/components/PostGenerator.js": {"path":"/Users/karthikmg/Documents/linkedin-post-master/frontend/src/components/PostGenerator.js","statementMap":{"0":{"start":{"line":6,"column":36},"end":{"line":6,"column":48}},"1":{"start":{"line":7,"column":32},"end":{"line":7,"column":46}},"2":{"start":{"line":8,"column":38},"end":{"line":8,"column":50}},"3":{"start":{"line":9,"column":34},"end":{"line":9,"column":46}},"4":{"start":{"line":10,"column":28},"end":{"line":10,"column":40}},"5":{"start":{"line":12,"column":23},"end":{"line":37,"column":3}},"6":{"start":{"line":13,"column":4},"end":{"line":13,"column":23}},"7":{"start":{"line":14,"column":4},"end":{"line":14,"column":17}},"8":{"start":{"line":17,"column":4},"end":{"line":20,"column":5}},"9":{"start":{"line":18,"column":6},"end":{"line":18,"column":73}},"10":{"start":{"line":19,"column":6},"end":{"line":19,"column":13}},"11":{"start":{"line":22,"column":4},"end":{"line":22,"column":19}},"12":{"start":{"line":24,"column":4},"end":{"line":36,"column":5}},"13":{"start":{"line":25,"column":21},"end":{"line":30,"column":8}},"14":{"start":{"line":32,"column":6},"end":{"line":32,"column":25}},"15":{"start":{"line":34,"column":6},"end":{"line":34,"column":76}},"16":{"start":{"line":35,"column":6},"end":{"line":35,"column":23}},"17":{"start":{"line":39,"column":26},"end":{"line":46,"column":3}},"18":{"start":{"line":40,"column":17},"end":{"line":40,"column":34}},"19":{"start":{"line":41,"column":4},"end":{"line":45,"column":5}},"20":{"start":{"line":42,"column":6},"end":{"line":42,"column":23}},"21":{"start":{"line":44,"column":6},"end":{"line":44,"column":49}},"22":{"start":{"line":48,"column":28},"end":{"line":59,"column":3}},"23":{"start":{"line":49,"column":18},"end":{"line":49,"column":44}},"24":{"start":{"line":50,"column":24},"end":{"line":52,"column":5}},"25":{"start":{"line":51,"column":6},"end":{"line":51,"column":36}},"26":{"start":{"line":54,"column":4},"end":{"line":56,"column":5}},"27":{"start":{"line":55,"column":6},"end":{"line":55,"column":68}},"28":{"start":{"line":58,"column":4},"end":{"line":58,"column":31}},"29":{"start":{"line":61,"column":22},"end":{"line":67,"column":3}},"30":{"start":{"line":62,"column":4},"end":{"line":62,"column":21}},"31":{"start":{"line":63,"column":4},"end":{"line":63,"column":21}},"32":{"start":{"line":64,"column":4},"end":{"line":64,"column":22}},"33":{"start":{"line":65,"column":4},"end":{"line":65,"column":20}},"34":{"start":{"line":66,"column":4},"end":{"line":66,"column":17}},"35":{"start":{"line":69,"column":2},"end":{"line":163,"column":4}},"36":{"start":{"line":85,"column":33},"end":{"line":85,"column":61}},"37":{"start":{"line":133,"column":33},"end":{"line":133,"column":60}}},"fnMap":{"0":{"name":"PostGenerator","decl":{"start":{"line":5,"column":9},"end":{"line":5,"column":22}},"loc":{"start":{"line":5,"column":64},"end":{"line":164,"column":1}},"line":5},"1":{"name":"(anonymous_1)","decl":{"start":{"line":12,"column":23},"end":{"line":12,"column":24}},"loc":{"start":{"line":12,"column":36},"end":{"line":37,"column":3}},"line":12},"2":{"name":"(anonymous_2)","decl":{"start":{"line":39,"column":26},"end":{"line":39,"column":27}},"loc":{"start":{"line":39,"column":33},"end":{"line":46,"column":3}},"line":39},"3":{"name":"(anonymous_3)","decl":{"start":{"line":48,"column":28},"end":{"line":48,"column":29}},"loc":{"start":{"line":48,"column":35},"end":{"line":59,"column":3}},"line":48},"4":{"name":"(anonymous_4)","decl":{"start":{"line":50,"column":37},"end":{"line":50,"column":38}},"loc":{"start":{"line":51,"column":6},"end":{"line":51,"column":36}},"line":51},"5":{"name":"(anonymous_5)","decl":{"start":{"line":61,"column":22},"end":{"line":61,"column":23}},"loc":{"start":{"line":61,"column":28},"end":{"line":67,"column":3}},"line":61},"6":{"name":"(anonymous_6)","decl":{"start":{"line":85,"column":26},"end":{"line":85,"column":27}},"loc":{"start":{"line":85,"column":33},"end":{"line":85,"column":61}},"line":85},"7":{"name":"(anonymous_7)","decl":{"start":{"line":133,"column":26},"end":{"line":133,"column":27}},"loc":{"start":{"line":133,"column":33},"end":{"line":133,"column":60}},"line":133}},"branchMap":{"0":{"loc":{"start":{"line":17,"column":4},"end":{"line":20,"column":5}},"type":"if","locations":[{"start":{"line":17,"column":4},"end":{"line":20,"column":5}},{"start":{},"end":{}}],"line":17},"1":{"loc":{"start":{"line":17,"column":8},"end":{"line":17,"column":70}},"type":"binary-expr","locations":[{"start":{"line":17,"column":8},"end":{"line":17,"column":18}},{"start":{"line":17,"column":22},"end":{"line":17,"column":30}},{"start":{"line":17,"column":34},"end":{"line":17,"column":57}},{"start":{"line":17,"column":61},"end":{"line":17,"column":70}}],"line":17},"2":{"loc":{"start":{"line":34,"column":15},"end":{"line":34,"column":74}},"type":"binary-expr","locations":[{"start":{"line":34,"column":15},"end":{"line":34,"column":26}},{"start":{"line":34,"column":30},"end":{"line":34,"column":74}}],"line":34},"3":{"loc":{"start":{"line":41,"column":4},"end":{"line":45,"column":5}},"type":"if","locations":[{"start":{"line":41,"column":4},"end":{"line":45,"column":5}},{"start":{"line":43,"column":11},"end":{"line":45,"column":5}}],"line":41},"4":{"loc":{"start":{"line":41,"column":8},"end":{"line":41,"column":47}},"type":"binary-expr","locations":[{"start":{"line":41,"column":8},"end":{"line":41,"column":12}},{"start":{"line":41,"column":16},"end":{"line":41,"column":47}}],"line":41},"5":{"loc":{"start":{"line":54,"column":4},"end":{"line":56,"column":5}},"type":"if","locations":[{"start":{"line":54,"column":4},"end":{"line":56,"column":5}},{"start":{},"end":{}}],"line":54},"6":{"loc":{"start":{"line":103,"column":15},"end":{"line":103,"column":85}},"type":"binary-expr","locations":[{"start":{"line":103,"column":15},"end":{"line":103,"column":22}},{"start":{"line":103,"column":26},"end":{"line":103,"column":85}}],"line":103},"7":{"loc":{"start":{"line":118,"column":15},"end":{"line":122,"column":15}},"type":"binary-expr","locations":[{"start":{"line":118,"column":15},"end":{"line":118,"column":36}},{"start":{"line":119,"column":16},"end":{"line":121,"column":23}}],"line":118},"8":{"loc":{"start":{"line":140,"column":11},"end":{"line":140,"column":64}},"type":"binary-expr","locations":[{"start":{"line":140,"column":11},"end":{"line":140,"column":16}},{"start":{"line":140,"column":20},"end":{"line":140,"column":64}}],"line":140},"9":{"loc":{"start":{"line":148,"column":15},"end":{"line":148,"column":60}},"type":"cond-expr","locations":[{"start":{"line":148,"column":27},"end":{"line":148,"column":42}},{"start":{"line":148,"column":45},"end":{"line":148,"column":60}}],"line":148}},"s":{"0":47,"1":47,"2":47,"3":47,"4":47,"5":47,"6":10,"7":10,"8":10,"9":2,"10":2,"11":8,"12":8,"13":8,"14":3,"15":5,"16":5,"17":47,"18":2,"19":2,"20":1,"21":1,"22":47,"23":2,"24":2,"25":3,"26":2,"27":1,"28":2,"29":47,"30":1,"31":1,"32":1,"33":1,"34":1,"35":47,"36":9,"37":0},"f":{"0":47,"1":10,"2":2,"3":2,"4":3,"5":1,"6":9,"7":0},"b":{"0":[2,8],"1":[10,2,2,2],"2":[5,0],"3":[1,1],"4":[2,2],"5":[1,1],"6":[47,1],"7":[47,2],"8":[47,9],"9":[2,45]},"_coverageSchema":"1a1c01bbd47fc00a2c39e90264f33305004495a9","hash":"da972aa3a2a45f2d5d581b288eebb961fb6e5f2c"}
,"/Users/karthikmg/Documents/linkedin-post-master/frontend/src/components/PostResult.js": {"path":"/Users/karthikmg/Documents/linkedin-post-master/frontend/src/components/PostResult.js","statementMap":{"0":{"start":{"line":5,"column":28},"end":{"line":5,"column":32}},"1":{"start":{"line":8,"column":38},"end":{"line":8,"column":53}},"2":{"start":{"line":9,"column":54},"end":{"line":9,"column":66}},"3":{"start":{"line":10,"column":40},"end":{"line":10,"column":56}},"4":{"start":{"line":11,"column":28},"end":{"line":11,"column":40}},"5":{"start":{"line":12,"column":44},"end":{"line":12,"column":59}},"6":{"start":{"line":13,"column":42},"end":{"line":13,"column":93}},"7":{"start":{"line":14,"column":38},"end":{"line":14,"column":53}},"8":{"start":{"line":16,"column":20},"end":{"line":16,"column":66}},"9":{"start":{"line":17,"column":22},"end":{"line":17,"column":53}},"10":{"start":{"line":19,"column":23},"end":{"line":62,"column":3}},"11":{"start":{"line":20,"column":4},"end":{"line":23,"column":5}},"12":{"start":{"line":21,"column":6},"end":{"line":21,"column":51}},"13":{"start":{"line":22,"column":6},"end":{"line":22,"column":13}},"14":{"start":{"line":25,"column":4},"end":{"line":25,"column":24}},"15":{"start":{"line":26,"column":4},"end":{"line":26,"column":17}},"16":{"start":{"line":28,"column":4},"end":{"line":61,"column":5}},"17":{"start":{"line":29,"column":22},"end":{"line":32,"column":8}},"18":{"start":{"line":34,"column":6},"end":{"line":34,"column":26}},"19":{"start":{"line":36,"column":6},"end":{"line":49,"column":14}},"20":{"start":{"line":37,"column":8},"end":{"line":46,"column":11}},"21":{"start":{"line":48,"column":8},"end":{"line":48,"column":51}},"22":{"start":{"line":48,"column":25},"end":{"line":48,"column":45}},"23":{"start":{"line":51,"column":6},"end":{"line":51,"column":32}},"24":{"start":{"line":53,"column":6},"end":{"line":53,"column":52}},"25":{"start":{"line":54,"column":6},"end":{"line":54,"column":29}},"26":{"start":{"line":55,"column":6},"end":{"line":55,"column":54}},"27":{"start":{"line":55,"column":23},"end":{"line":55,"column":46}},"28":{"start":{"line":57,"column":6},"end":{"line":57,"column":55}},"29":{"start":{"line":58,"column":6},"end":{"line":58,"column":27}},"30":{"start":{"line":60,"column":6},"end":{"line":60,"column":27}},"31":{"start":{"line":64,"column":26},"end":{"line":71,"column":3}},"32":{"start":{"line":65,"column":21},"end":{"line":65,"column":101}},"33":{"start":{"line":65,"column":79},"end":{"line":65,"column":88}},"34":{"start":{"line":66,"column":4},"end":{"line":66,"column":60}},"35":{"start":{"line":68,"column":4},"end":{"line":68,"column":63}},"36":{"start":{"line":69,"column":4},"end":{"line":69,"column":27}},"37":{"start":{"line":70,"column":4},"end":{"line":70,"column":52}},"38":{"start":{"line":70,"column":21},"end":{"line":70,"column":44}},"39":{"start":{"line":73,"column":24},"end":{"line":77,"column":3}},"40":{"start":{"line":74,"column":4},"end":{"line":74,"column":37}},"41":{"start":{"line":74,"column":20},"end":{"line":74,"column":37}},"42":{"start":{"line":75,"column":4},"end":{"line":75,"column":37}},"43":{"start":{"line":75,"column":20},"end":{"line":75,"column":37}},"44":{"start":{"line":76,"column":4},"end":{"line":76,"column":21}},"45":{"start":{"line":79,"column":23},"end":{"line":87,"column":3}},"46":{"start":{"line":80,"column":19},"end":{"line":85,"column":5}},"47":{"start":{"line":86,"column":4},"end":{"line":86,"column":38}},"48":{"start":{"line":89,"column":2},"end":{"line":243,"column":4}},"49":{"start":{"line":137,"column":14},"end":{"line":140,"column":31}},"50":{"start":{"line":160,"column":14},"end":{"line":160,"column":65}},"51":{"start":{"line":171,"column":16},"end":{"line":171,"column":49}},"52":{"start":{"line":217,"column":31},"end":{"line":217,"column":68}}},"fnMap":{"0":{"name":"PostResult","decl":{"start":{"line":7,"column":9},"end":{"line":7,"column":19}},"loc":{"start":{"line":7,"column":41},"end":{"line":244,"column":1}},"line":7},"1":{"name":"(anonymous_1)","decl":{"start":{"line":19,"column":23},"end":{"line":19,"column":24}},"loc":{"start":{"line":19,"column":35},"end":{"line":62,"column":3}},"line":19},"2":{"name":"(anonymous_2)","decl":{"start":{"line":36,"column":17},"end":{"line":36,"column":18}},"loc":{"start":{"line":36,"column":23},"end":{"line":49,"column":7}},"line":36},"3":{"name":"(anonymous_3)","decl":{"start":{"line":48,"column":19},"end":{"line":48,"column":20}},"loc":{"start":{"line":48,"column":25},"end":{"line":48,"column":45}},"line":48},"4":{"name":"(anonymous_4)","decl":{"start":{"line":55,"column":17},"end":{"line":55,"column":18}},"loc":{"start":{"line":55,"column":23},"end":{"line":55,"column":46}},"line":55},"5":{"name":"(anonymous_5)","decl":{"start":{"line":64,"column":26},"end":{"line":64,"column":27}},"loc":{"start":{"line":64,"column":32},"end":{"line":71,"column":3}},"line":64},"6":{"name":"(anonymous_6)","decl":{"start":{"line":65,"column":72},"end":{"line":65,"column":73}},"loc":{"start":{"line":65,"column":79},"end":{"line":65,"column":88}},"line":65},"7":{"name":"(anonymous_7)","decl":{"start":{"line":66,"column":50},"end":{"line":66,"column":51}},"loc":{"start":{"line":66,"column":56},"end":{"line":66,"column":58}},"line":66},"8":{"name":"(anonymous_8)","decl":{"start":{"line":70,"column":15},"end":{"line":70,"column":16}},"loc":{"start":{"line":70,"column":21},"end":{"line":70,"column":44}},"line":70},"9":{"name":"(anonymous_9)","decl":{"start":{"line":73,"column":24},"end":{"line":73,"column":25}},"loc":{"start":{"line":73,"column":35},"end":{"line":77,"column":3}},"line":73},"10":{"name":"(anonymous_10)","decl":{"start":{"line":79,"column":23},"end":{"line":79,"column":24}},"loc":{"start":{"line":79,"column":37},"end":{"line":87,"column":3}},"line":79},"11":{"name":"(anonymous_11)","decl":{"start":{"line":136,"column":46},"end":{"line":136,"column":47}},"loc":{"start":{"line":137,"column":14},"end":{"line":140,"column":31}},"line":137},"12":{"name":"(anonymous_12)","decl":{"start":{"line":159,"column":38},"end":{"line":159,"column":39}},"loc":{"start":{"line":160,"column":14},"end":{"line":160,"column":65}},"line":160},"13":{"name":"(anonymous_13)","decl":{"start":{"line":170,"column":43},"end":{"line":170,"column":44}},"loc":{"start":{"line":171,"column":16},"end":{"line":171,"column":49}},"line":171},"14":{"name":"(anonymous_14)","decl":{"start":{"line":217,"column":24},"end":{"line":217,"column":25}},"loc":{"start":{"line":217,"column":31},"end":{"line":217,"column":68}},"line":217}},"branchMap":{"0":{"loc":{"start":{"line":16,"column":20},"end":{"line":16,"column":66}},"type":"cond-expr","locations":[{"start":{"line":16,"column":39},"end":{"line":16,"column":62}},{"start":{"line":16,"column":65},"end":{"line":16,"column":66}}],"line":16},"1":{"loc":{"start":{"line":20,"column":4},"end":{"line":23,"column":5}},"type":"if","locations":[{"start":{"line":20,"column":4},"end":{"line":23,"column":5}},{"start":{},"end":{}}],"line":20},"2":{"loc":{"start":{"line":41,"column":25},"end":{"line":41,"column":75}},"type":"binary-expr","locations":[{"start":{"line":41,"column":25},"end":{"line":41,"column":46}},{"start":{"line":41,"column":50},"end":{"line":41,"column":75}}],"line":41},"3":{"loc":{"start":{"line":42,"column":20},"end":{"line":42,"column":109}},"type":"cond-expr","locations":[{"start":{"line":42,"column":70},"end":{"line":42,"column":86}},{"start":{"line":42,"column":89},"end":{"line":42,"column":109}}],"line":42},"4":{"loc":{"start":{"line":42,"column":20},"end":{"line":42,"column":67}},"type":"binary-expr","locations":[{"start":{"line":42,"column":20},"end":{"line":42,"column":36}},{"start":{"line":42,"column":40},"end":{"line":42,"column":67}}],"line":42},"5":{"loc":{"start":{"line":43,"column":23},"end":{"line":43,"column":124}},"type":"cond-expr","locations":[{"start":{"line":43,"column":79},"end":{"line":43,"column":98}},{"start":{"line":43,"column":101},"end":{"line":43,"column":124}}],"line":43},"6":{"loc":{"start":{"line":43,"column":23},"end":{"line":43,"column":76}},"type":"binary-expr","locations":[{"start":{"line":43,"column":23},"end":{"line":43,"column":42}},{"start":{"line":43,"column":46},"end":{"line":43,"column":76}}],"line":43},"7":{"loc":{"start":{"line":44,"column":15},"end":{"line":44,"column":45}},"type":"binary-expr","locations":[{"start":{"line":44,"column":15},"end":{"line":44,"column":26}},{"start":{"line":44,"column":30},"end":{"line":44,"column":45}}],"line":44},"8":{"loc":{"start":{"line":45,"column":26},"end":{"line":45,"column":116}},"type":"cond-expr","locations":[{"start":{"line":45,"column":65},"end":{"line":45,"column":87}},{"start":{"line":45,"column":90},"end":{"line":45,"column":116}}],"line":45},"9":{"loc":{"start":{"line":57,"column":15},"end":{"line":57,"column":53}},"type":"binary-expr","locations":[{"start":{"line":57,"column":15},"end":{"line":57,"column":26}},{"start":{"line":57,"column":30},"end":{"line":57,"column":53}}],"line":57},"10":{"loc":{"start":{"line":74,"column":4},"end":{"line":74,"column":37}},"type":"if","locations":[{"start":{"line":74,"column":4},"end":{"line":74,"column":37}},{"start":{},"end":{}}],"line":74},"11":{"loc":{"start":{"line":75,"column":4},"end":{"line":75,"column":37}},"type":"if","locations":[{"start":{"line":75,"column":4},"end":{"line":75,"column":37}},{"start":{},"end":{}}],"line":75},"12":{"loc":{"start":{"line":86,"column":11},"end":{"line":86,"column":37}},"type":"binary-expr","locations":[{"start":{"line":86,"column":11},"end":{"line":86,"column":27}},{"start":{"line":86,"column":31},"end":{"line":86,"column":37}}],"line":86},"13":{"loc":{"start":{"line":91,"column":7},"end":{"line":99,"column":7}},"type":"binary-expr","locations":[{"start":{"line":91,"column":7},"end":{"line":91,"column":20}},{"start":{"line":92,"column":8},"end":{"line":98,"column":14}}],"line":91},"14":{"loc":{"start":{"line":101,"column":37},"end":{"line":101,"column":65}},"type":"cond-expr","locations":[{"start":{"line":101,"column":50},"end":{"line":101,"column":60}},{"start":{"line":101,"column":63},"end":{"line":101,"column":65}}],"line":101},"15":{"loc":{"start":{"line":110,"column":41},"end":{"line":110,"column":69}},"type":"cond-expr","locations":[{"start":{"line":110,"column":54},"end":{"line":110,"column":64}},{"start":{"line":110,"column":67},"end":{"line":110,"column":69}}],"line":110},"16":{"loc":{"start":{"line":133,"column":40},"end":{"line":133,"column":68}},"type":"cond-expr","locations":[{"start":{"line":133,"column":53},"end":{"line":133,"column":63}},{"start":{"line":133,"column":66},"end":{"line":133,"column":68}}],"line":133},"17":{"loc":{"start":{"line":139,"column":17},"end":{"line":139,"column":74}},"type":"binary-expr","locations":[{"start":{"line":139,"column":17},"end":{"line":139,"column":64}},{"start":{"line":139,"column":68},"end":{"line":139,"column":74}}],"line":139},"18":{"loc":{"start":{"line":145,"column":28},"end":{"line":145,"column":60}},"type":"cond-expr","locations":[{"start":{"line":145,"column":42},"end":{"line":145,"column":51}},{"start":{"line":145,"column":54},"end":{"line":145,"column":60}}],"line":145},"19":{"loc":{"start":{"line":149,"column":13},"end":{"line":149,"column":58}},"type":"cond-expr","locations":[{"start":{"line":149,"column":27},"end":{"line":149,"column":51}},{"start":{"line":149,"column":54},"end":{"line":149,"column":58}}],"line":149},"20":{"loc":{"start":{"line":154,"column":44},"end":{"line":154,"column":72}},"type":"cond-expr","locations":[{"start":{"line":154,"column":57},"end":{"line":154,"column":67}},{"start":{"line":154,"column":70},"end":{"line":154,"column":72}}],"line":154},"21":{"loc":{"start":{"line":166,"column":9},"end":{"line":175,"column":9}},"type":"binary-expr","locations":[{"start":{"line":166,"column":9},"end":{"line":166,"column":32}},{"start":{"line":166,"column":36},"end":{"line":166,"column":70}},{"start":{"line":167,"column":10},"end":{"line":174,"column":16}}],"line":166},"22":{"loc":{"start":{"line":167,"column":49},"end":{"line":167,"column":77}},"type":"cond-expr","locations":[{"start":{"line":167,"column":62},"end":{"line":167,"column":72}},{"start":{"line":167,"column":75},"end":{"line":167,"column":77}}],"line":167},"23":{"loc":{"start":{"line":178,"column":9},"end":{"line":183,"column":9}},"type":"binary-expr","locations":[{"start":{"line":178,"column":9},"end":{"line":178,"column":24}},{"start":{"line":179,"column":10},"end":{"line":182,"column":16}}],"line":178},"24":{"loc":{"start":{"line":179,"column":41},"end":{"line":179,"column":69}},"type":"cond-expr","locations":[{"start":{"line":179,"column":54},"end":{"line":179,"column":64}},{"start":{"line":179,"column":67},"end":{"line":179,"column":69}}],"line":179},"25":{"loc":{"start":{"line":186,"column":9},"end":{"line":191,"column":9}},"type":"binary-expr","locations":[{"start":{"line":186,"column":9},"end":{"line":186,"column":35}},{"start":{"line":187,"column":10},"end":{"line":190,"column":16}}],"line":186},"26":{"loc":{"start":{"line":187,"column":51},"end":{"line":187,"column":79}},"type":"cond-expr","locations":[{"start":{"line":187,"column":64},"end":{"line":187,"column":74}},{"start":{"line":187,"column":77},"end":{"line":187,"column":79}}],"line":187},"27":{"loc":{"start":{"line":202,"column":11},"end":{"line":207,"column":11}},"type":"binary-expr","locations":[{"start":{"line":202,"column":11},"end":{"line":202,"column":21}},{"start":{"line":203,"column":12},"end":{"line":206,"column":18}}],"line":202},"28":{"loc":{"start":{"line":225,"column":24},"end":{"line":225,"column":64}},"type":"binary-expr","locations":[{"start":{"line":225,"column":24},"end":{"line":225,"column":34}},{"start":{"line":225,"column":38},"end":{"line":225,"column":64}}],"line":225},"29":{"loc":{"start":{"line":228,"column":15},"end":{"line":235,"column":15}},"type":"cond-expr","locations":[{"start":{"line":229,"column":16},"end":{"line":232,"column":19}},{"start":{"line":234,"column":16},"end":{"line":234,"column":29}}],"line":228},"30":{"loc":{"start":{"line":239,"column":11},"end":{"line":239,"column":77}},"type":"binary-expr","locations":[{"start":{"line":239,"column":11},"end":{"line":239,"column":16}},{"start":{"line":239,"column":20},"end":{"line":239,"column":77}}],"line":239}},"s":{"0":1,"1":50,"2":50,"3":50,"4":50,"5":50,"6":50,"7":50,"8":50,"9":50,"10":50,"11":6,"12":0,"13":0,"14":6,"15":6,"16":6,"17":6,"18":5,"19":5,"20":3,"21":3,"22":2,"23":5,"24":5,"25":5,"26":5,"27":0,"28":1,"29":1,"30":6,"31":50,"32":3,"33":9,"34":3,"35":0,"36":0,"37":0,"38":0,"39":50,"40":50,"41":50,"42":0,"43":0,"44":0,"45":50,"46":50,"47":50,"48":50,"49":148,"50":148,"51":96,"52":6},"f":{"0":50,"1":6,"2":3,"3":2,"4":0,"5":3,"6":9,"7":0,"8":0,"9":50,"10":50,"11":148,"12":148,"13":96,"14":6},"b":{"0":[50,0],"1":[0,6],"2":[3,0],"3":[3,0],"4":[3,3],"5":[3,0],"6":[3,3],"7":[3,0],"8":[0,3],"9":[1,0],"10":[50,0],"11":[0,0],"12":[50,0],"13":[50,7],"14":[6,44],"15":[7,43],"16":[7,43],"17":[148,98],"18":[1,49],"19":[1,49],"20":[7,43],"21":[50,50,49],"22":[7,42],"23":[50,49],"24":[7,42],"25":[50,49],"26":[7,42],"27":[50,6],"28":[50,44],"29":[6,44],"30":[50,1]},"_coverageSchema":"1a1c01bbd47fc00a2c39e90264f33305004495a9","hash":"ffea5136f5f81ffd0fe8f99508903940044b253c"}
,"/Users/karthikmg/Documents/linkedin-post-master/frontend/src/services/apiService.js": {"path":"/Users/karthikmg/Documents/linkedin-post-master/frontend/src/services/apiService.js","statementMap":{"0":{"start":{"line":3,"column":21},"end":{"line":3,"column":77}},"1":{"start":{"line":6,"column":37},"end":{"line":6,"column":42}},"2":{"start":{"line":8,"column":18},"end":{"line":8,"column":57}},"3":{"start":{"line":14,"column":30},"end":{"line":38,"column":1}},"4":{"start":{"line":16,"column":2},"end":{"line":20,"column":3}},"5":{"start":{"line":17,"column":4},"end":{"line":19,"column":6}},"6":{"start":{"line":23,"column":2},"end":{"line":29,"column":3}},"7":{"start":{"line":24,"column":4},"end":{"line":28,"column":6}},"8":{"start":{"line":33,"column":4},"end":{"line":35,"column":57}},"9":{"start":{"line":37,"column":2},"end":{"line":37,"column":44}},"10":{"start":{"line":40,"column":0},"end":{"line":40,"column":76}},"11":{"start":{"line":40,"column":50},"end":{"line":40,"column":58}},"12":{"start":{"line":44,"column":19},"end":{"line":94,"column":1}},"13":{"start":{"line":49,"column":21},"end":{"line":49,"column":35}},"14":{"start":{"line":51,"column":4},"end":{"line":51,"column":50}},"15":{"start":{"line":51,"column":14},"end":{"line":51,"column":50}},"16":{"start":{"line":52,"column":4},"end":{"line":52,"column":46}},"17":{"start":{"line":52,"column":13},"end":{"line":52,"column":46}},"18":{"start":{"line":53,"column":4},"end":{"line":55,"column":5}},"19":{"start":{"line":54,"column":6},"end":{"line":54,"column":71}},"20":{"start":{"line":54,"column":32},"end":{"line":54,"column":69}},"21":{"start":{"line":56,"column":4},"end":{"line":56,"column":47}},"22":{"start":{"line":56,"column":13},"end":{"line":56,"column":47}},"23":{"start":{"line":58,"column":21},"end":{"line":60,"column":6}},"24":{"start":{"line":61,"column":4},"end":{"line":61,"column":25}},"25":{"start":{"line":69,"column":21},"end":{"line":69,"column":35}},"26":{"start":{"line":70,"column":4},"end":{"line":70,"column":43}},"27":{"start":{"line":71,"column":4},"end":{"line":71,"column":42}},"28":{"start":{"line":72,"column":4},"end":{"line":72,"column":60}},"29":{"start":{"line":72,"column":19},"end":{"line":72,"column":60}},"30":{"start":{"line":73,"column":4},"end":{"line":73,"column":65}},"31":{"start":{"line":73,"column":21},"end":{"line":73,"column":65}},"32":{"start":{"line":74,"column":4},"end":{"line":74,"column":47}},"33":{"start":{"line":74,"column":15},"end":{"line":74,"column":47}},"34":{"start":{"line":76,"column":21},"end":{"line":78,"column":6}},"35":{"start":{"line":79,"column":4},"end":{"line":79,"column":25}},"36":{"start":{"line":86,"column":4},"end":{"line":92,"column":5}},"37":{"start":{"line":87,"column":23},"end":{"line":87,"column":57}},"38":{"start":{"line":88,"column":6},"end":{"line":88,"column":27}},"39":{"start":{"line":90,"column":6},"end":{"line":90,"column":50}},"40":{"start":{"line":91,"column":6},"end":{"line":91,"column":57}}},"fnMap":{"0":{"name":"(anonymous_0)","decl":{"start":{"line":14,"column":30},"end":{"line":14,"column":31}},"loc":{"start":{"line":14,"column":41},"end":{"line":38,"column":1}},"line":14},"1":{"name":"(anonymous_1)","decl":{"start":{"line":40,"column":36},"end":{"line":40,"column":37}},"loc":{"start":{"line":40,"column":50},"end":{"line":40,"column":58}},"line":40},"2":{"name":"(anonymous_2)","decl":{"start":{"line":48,"column":2},"end":{"line":48,"column":3}},"loc":{"start":{"line":48,"column":49},"end":{"line":62,"column":3}},"line":48},"3":{"name":"(anonymous_3)","decl":{"start":{"line":54,"column":21},"end":{"line":54,"column":22}},"loc":{"start":{"line":54,"column":32},"end":{"line":54,"column":69}},"line":54},"4":{"name":"(anonymous_4)","decl":{"start":{"line":68,"column":2},"end":{"line":68,"column":3}},"loc":{"start":{"line":68,"column":74},"end":{"line":80,"column":3}},"line":68},"5":{"name":"(anonymous_5)","decl":{"start":{"line":85,"column":2},"end":{"line":85,"column":3}},"loc":{"start":{"line":85,"column":22},"end":{"line":93,"column":3}},"line":85}},"branchMap":{"0":{"loc":{"start":{"line":3,"column":21},"end":{"line":3,"column":77}},"type":"binary-expr","locations":[{"start":{"line":3,"column":21},"end":{"line":3,"column":50}},{"start":{"line":3,"column":54},"end":{"line":3,"column":77}}],"line":3},"1":{"loc":{"start":{"line":16,"column":2},"end":{"line":20,"column":3}},"type":"if","locations":[{"start":{"line":16,"column":2},"end":{"line":20,"column":3}},{"start":{},"end":{}}],"line":16},"2":{"loc":{"start":{"line":23,"column":2},"end":{"line":29,"column":3}},"type":"if","locations":[{"start":{"line":23,"column":2},"end":{"line":29,"column":3}},{"start":{},"end":{}}],"line":23},"3":{"loc":{"start":{"line":33,"column":4},"end":{"line":35,"column":57}},"type":"binary-expr","locations":[{"start":{"line":33,"column":4},"end":{"line":33,"column":40}},{"start":{"line":34,"column":4},"end":{"line":34,"column":32}},{"start":{"line":35,"column":4},"end":{"line":35,"column":57}}],"line":33},"4":{"loc":{"start":{"line":51,"column":4},"end":{"line":51,"column":50}},"type":"if","locations":[{"start":{"line":51,"column":4},"end":{"line":51,"column":50}},{"start":{},"end":{}}],"line":51},"5":{"loc":{"start":{"line":52,"column":4},"end":{"line":52,"column":46}},"type":"if","locations":[{"start":{"line":52,"column":4},"end":{"line":52,"column":46}},{"start":{},"end":{}}],"line":52},"6":{"loc":{"start":{"line":53,"column":4},"end":{"line":55,"column":5}},"type":"if","locations":[{"start":{"line":53,"column":4},"end":{"line":55,"column":5}},{"start":{},"end":{}}],"line":53},"7":{"loc":{"start":{"line":53,"column":8},"end":{"line":53,"column":35}},"type":"binary-expr","locations":[{"start":{"line":53,"column":8},"end":{"line":53,"column":14}},{"start":{"line":53,"column":18},"end":{"line":53,"column":35}}],"line":53},"8":{"loc":{"start":{"line":56,"column":4},"end":{"line":56,"column":47}},"type":"if","locations":[{"start":{"line":56,"column":4},"end":{"line":56,"column":47}},{"start":{},"end":{}}],"line":56},"9":{"loc":{"start":{"line":72,"column":4},"end":{"line":72,"column":60}},"type":"if","locations":[{"start":{"line":72,"column":4},"end":{"line":72,"column":60}},{"start":{},"end":{}}],"line":72},"10":{"loc":{"start":{"line":73,"column":4},"end":{"line":73,"column":65}},"type":"if","locations":[{"start":{"line":73,"column":4},"end":{"line":73,"column":65}},{"start":{},"end":{}}],"line":73},"11":{"loc":{"start":{"line":74,"column":4},"end":{"line":74,"column":47}},"type":"if","locations":[{"start":{"line":74,"column":4},"end":{"line":74,"column":47}},{"start":{},"end":{}}],"line":74}},"s":{"0":1,"1":1,"2":1,"3":1,"4":5,"5":1,"6":4,"7":1,"8":3,"9":3,"10":1,"11":0,"12":1,"13":6,"14":6,"15":4,"16":6,"17":0,"18":6,"19":0,"20":0,"21":6,"22":1,"23":6,"24":5,"25":4,"26":4,"27":4,"28":4,"29":0,"30":4,"31":0,"32":4,"33":0,"34":4,"35":3,"36":3,"37":3,"38":2,"39":1,"40":1},"f":{"0":5,"1":0,"2":6,"3":0,"4":4,"5":3},"b":{"0":[1,1],"1":[1,4],"2":[1,3],"3":[3,2,1],"4":[4,2],"5":[0,6],"6":[0,6],"7":[6,5],"8":[1,5],"9":[0,4],"10":[0,4],"11":[0,4]},"_coverageSchema":"1a1c01bbd47fc00a2c39e90264f33305004495a9","hash":"fb820058c3a565deef0c1cc0be8ec77cdcf2618b"}
}
