TN:
SF:src/App.js
FN:6,App
FN:10,(anonymous_1)
FN:15,(anonymous_2)
FN:20,(anonymous_3)
FN:25,(anonymous_4)
FNF:5
FNH:0
FNDA:0,App
FNDA:0,(anonymous_1)
FNDA:0,(anonymous_2)
FNDA:0,(anonymous_3)
FNDA:0,(anonymous_4)
DA:7,0
DA:8,0
DA:10,0
DA:11,0
DA:12,0
DA:15,0
DA:16,0
DA:17,0
DA:20,0
DA:21,0
DA:22,0
DA:25,0
DA:26,0
DA:27,0
DA:30,0
LF:15
LH:0
BRDA:82,0,0,0
BRDA:82,0,1,0
BRDA:89,1,0,0
BRDA:89,1,1,0
BRDA:89,1,2,0
BRF:5
BRH:0
end_of_record
TN:
SF:src/index.js
FNF:0
FNH:0
DA:7,0
DA:8,0
LF:2
LH:0
BRF:0
BRH:0
end_of_record
TN:
SF:src/components/ErrorBoundary.js
FN:10,(anonymous_0)
FN:15,(anonymous_1)
FN:19,(anonymous_2)
FN:24,(anonymous_3)
FN:28,(anonymous_4)
FNF:5
FNH:5
FNDA:15,(anonymous_0)
FNDA:13,(anonymous_1)
FNDA:6,(anonymous_2)
FNDA:1,(anonymous_3)
FNDA:29,(anonymous_4)
DA:11,15
DA:12,14
DA:16,13
DA:21,6
DA:24,14
DA:25,1
DA:29,29
DA:30,13
DA:41,16
LF:9
LH:9
BRDA:29,0,0,13
BRDA:29,0,1,16
BRF:2
BRH:2
end_of_record
TN:
SF:src/components/PostGenerator.js
FN:5,PostGenerator
FN:12,(anonymous_1)
FN:39,(anonymous_2)
FN:48,(anonymous_3)
FN:50,(anonymous_4)
FN:61,(anonymous_5)
FN:85,(anonymous_6)
FN:133,(anonymous_7)
FNF:8
FNH:7
FNDA:47,PostGenerator
FNDA:10,(anonymous_1)
FNDA:2,(anonymous_2)
FNDA:2,(anonymous_3)
FNDA:3,(anonymous_4)
FNDA:1,(anonymous_5)
FNDA:9,(anonymous_6)
FNDA:0,(anonymous_7)
DA:6,47
DA:7,47
DA:8,47
DA:9,47
DA:10,47
DA:12,47
DA:13,10
DA:14,10
DA:17,10
DA:18,2
DA:19,2
DA:22,8
DA:24,8
DA:25,8
DA:32,3
DA:34,5
DA:35,5
DA:39,47
DA:40,2
DA:41,2
DA:42,1
DA:44,1
DA:48,47
DA:49,2
DA:50,2
DA:51,3
DA:54,2
DA:55,1
DA:58,2
DA:61,47
DA:62,1
DA:63,1
DA:64,1
DA:65,1
DA:66,1
DA:69,47
DA:85,9
DA:133,0
LF:38
LH:37
BRDA:17,0,0,2
BRDA:17,0,1,8
BRDA:17,1,0,10
BRDA:17,1,1,2
BRDA:17,1,2,2
BRDA:17,1,3,2
BRDA:34,2,0,5
BRDA:34,2,1,0
BRDA:41,3,0,1
BRDA:41,3,1,1
BRDA:41,4,0,2
BRDA:41,4,1,2
BRDA:54,5,0,1
BRDA:54,5,1,1
BRDA:103,6,0,47
BRDA:103,6,1,1
BRDA:118,7,0,47
BRDA:118,7,1,2
BRDA:140,8,0,47
BRDA:140,8,1,9
BRDA:148,9,0,2
BRDA:148,9,1,45
BRF:22
BRH:21
end_of_record
TN:
SF:src/components/PostResult.js
FN:7,PostResult
FN:19,(anonymous_1)
FN:36,(anonymous_2)
FN:48,(anonymous_3)
FN:55,(anonymous_4)
FN:64,(anonymous_5)
FN:65,(anonymous_6)
FN:66,(anonymous_7)
FN:70,(anonymous_8)
FN:73,(anonymous_9)
FN:79,(anonymous_10)
FN:136,(anonymous_11)
FN:159,(anonymous_12)
FN:170,(anonymous_13)
FN:217,(anonymous_14)
FNF:15
FNH:12
FNDA:50,PostResult
FNDA:6,(anonymous_1)
FNDA:3,(anonymous_2)
FNDA:2,(anonymous_3)
FNDA:0,(anonymous_4)
FNDA:3,(anonymous_5)
FNDA:9,(anonymous_6)
FNDA:0,(anonymous_7)
FNDA:0,(anonymous_8)
FNDA:50,(anonymous_9)
FNDA:50,(anonymous_10)
FNDA:148,(anonymous_11)
FNDA:148,(anonymous_12)
FNDA:96,(anonymous_13)
FNDA:6,(anonymous_14)
DA:5,1
DA:8,50
DA:9,50
DA:10,50
DA:11,50
DA:12,50
DA:13,50
DA:14,50
DA:16,50
DA:17,50
DA:19,50
DA:20,6
DA:21,0
DA:22,0
DA:25,6
DA:26,6
DA:28,6
DA:29,6
DA:34,5
DA:36,5
DA:37,3
DA:48,3
DA:51,5
DA:53,5
DA:54,5
DA:55,5
DA:57,1
DA:58,1
DA:60,6
DA:64,50
DA:65,9
DA:66,3
DA:68,0
DA:69,0
DA:70,0
DA:73,50
DA:74,50
DA:75,0
DA:76,0
DA:79,50
DA:80,50
DA:86,50
DA:89,50
DA:137,148
DA:160,148
DA:171,96
DA:217,6
LF:47
LH:40
BRDA:16,0,0,50
BRDA:16,0,1,0
BRDA:20,1,0,0
BRDA:20,1,1,6
BRDA:41,2,0,3
BRDA:41,2,1,0
BRDA:42,3,0,3
BRDA:42,3,1,0
BRDA:42,4,0,3
BRDA:42,4,1,3
BRDA:43,5,0,3
BRDA:43,5,1,0
BRDA:43,6,0,3
BRDA:43,6,1,3
BRDA:44,7,0,3
BRDA:44,7,1,0
BRDA:45,8,0,0
BRDA:45,8,1,3
BRDA:57,9,0,1
BRDA:57,9,1,0
BRDA:74,10,0,50
BRDA:74,10,1,0
BRDA:75,11,0,0
BRDA:75,11,1,0
BRDA:86,12,0,50
BRDA:86,12,1,0
BRDA:91,13,0,50
BRDA:91,13,1,7
BRDA:101,14,0,6
BRDA:101,14,1,44
BRDA:110,15,0,7
BRDA:110,15,1,43
BRDA:133,16,0,7
BRDA:133,16,1,43
BRDA:139,17,0,148
BRDA:139,17,1,98
BRDA:145,18,0,1
BRDA:145,18,1,49
BRDA:149,19,0,1
BRDA:149,19,1,49
BRDA:154,20,0,7
BRDA:154,20,1,43
BRDA:166,21,0,50
BRDA:166,21,1,50
BRDA:166,21,2,49
BRDA:167,22,0,7
BRDA:167,22,1,42
BRDA:178,23,0,50
BRDA:178,23,1,49
BRDA:179,24,0,7
BRDA:179,24,1,42
BRDA:186,25,0,50
BRDA:186,25,1,49
BRDA:187,26,0,7
BRDA:187,26,1,42
BRDA:202,27,0,50
BRDA:202,27,1,6
BRDA:225,28,0,50
BRDA:225,28,1,44
BRDA:228,29,0,6
BRDA:228,29,1,44
BRDA:239,30,0,50
BRDA:239,30,1,1
BRF:63
BRH:51
end_of_record
TN:
SF:src/services/apiService.js
FN:14,(anonymous_0)
FN:40,(anonymous_1)
FN:48,(anonymous_2)
FN:54,(anonymous_3)
FN:68,(anonymous_4)
FN:85,(anonymous_5)
FNF:6
FNH:4
FNDA:5,(anonymous_0)
FNDA:0,(anonymous_1)
FNDA:6,(anonymous_2)
FNDA:0,(anonymous_3)
FNDA:4,(anonymous_4)
FNDA:3,(anonymous_5)
DA:3,1
DA:6,1
DA:8,1
DA:14,1
DA:16,5
DA:17,1
DA:23,4
DA:24,1
DA:33,3
DA:37,3
DA:40,1
DA:44,1
DA:49,6
DA:51,6
DA:52,6
DA:53,6
DA:54,0
DA:56,6
DA:58,6
DA:61,5
DA:69,4
DA:70,4
DA:71,4
DA:72,4
DA:73,4
DA:74,4
DA:76,4
DA:79,3
DA:86,3
DA:87,3
DA:88,2
DA:90,1
DA:91,1
LF:33
LH:32
BRDA:3,0,0,1
BRDA:3,0,1,1
BRDA:16,1,0,1
BRDA:16,1,1,4
BRDA:23,2,0,1
BRDA:23,2,1,3
BRDA:33,3,0,3
BRDA:33,3,1,2
BRDA:33,3,2,1
BRDA:51,4,0,4
BRDA:51,4,1,2
BRDA:52,5,0,0
BRDA:52,5,1,6
BRDA:53,6,0,0
BRDA:53,6,1,6
BRDA:53,7,0,6
BRDA:53,7,1,5
BRDA:56,8,0,1
BRDA:56,8,1,5
BRDA:72,9,0,0
BRDA:72,9,1,4
BRDA:73,10,0,0
BRDA:73,10,1,4
BRDA:74,11,0,0
BRDA:74,11,1,4
BRF:25
BRH:20
end_of_record
