TN:
SF:src/App.js
FN:16,MainApp
FN:21,(anonymous_1)
FN:26,(anonymous_2)
FN:31,(anonymous_3)
FN:36,(anonymous_4)
FN:143,App
FNF:6
FNH:0
FNDA:0,MainApp
FNDA:0,(anonymous_1)
FNDA:0,(anonymous_2)
FNDA:0,(anonymous_3)
FNDA:0,(anonymous_4)
FNDA:0,App
DA:17,0
DA:18,0
DA:19,0
DA:21,0
DA:22,0
DA:23,0
DA:26,0
DA:27,0
DA:28,0
DA:31,0
DA:32,0
DA:33,0
DA:36,0
DA:37,0
DA:38,0
DA:41,0
DA:144,0
DA:146,0
LF:18
LH:0
BRDA:91,0,0,0
BRDA:91,0,1,0
BRDA:97,1,0,0
BRDA:97,1,1,0
BRDA:100,2,0,0
BRDA:100,2,1,0
BRDA:119,3,0,0
BRDA:119,3,1,0
BRDA:126,4,0,0
BRDA:126,4,1,0
BRDA:126,4,2,0
BRDA:144,5,0,0
BRDA:144,5,1,0
BRF:13
BRH:0
end_of_record
TN:
SF:src/index.js
FNF:0
FNH:0
DA:7,0
DA:8,0
LF:2
LH:0
BRF:0
BRH:0
end_of_record
TN:
SF:src/components/ErrorBoundary.js
FN:10,(anonymous_0)
FN:15,(anonymous_1)
FN:19,(anonymous_2)
FN:24,(anonymous_3)
FN:28,(anonymous_4)
FNF:5
FNH:5
FNDA:15,(anonymous_0)
FNDA:13,(anonymous_1)
FNDA:6,(anonymous_2)
FNDA:1,(anonymous_3)
FNDA:29,(anonymous_4)
DA:11,15
DA:12,14
DA:16,13
DA:21,6
DA:24,14
DA:25,1
DA:29,29
DA:30,13
DA:41,16
LF:9
LH:9
BRDA:29,0,0,13
BRDA:29,0,1,16
BRF:2
BRH:2
end_of_record
TN:
SF:src/components/PostGenerator.js
FN:5,PostGenerator
FN:12,(anonymous_1)
FN:39,(anonymous_2)
FN:48,(anonymous_3)
FN:50,(anonymous_4)
FN:61,(anonymous_5)
FN:85,(anonymous_6)
FN:133,(anonymous_7)
FNF:8
FNH:7
FNDA:47,PostGenerator
FNDA:10,(anonymous_1)
FNDA:2,(anonymous_2)
FNDA:2,(anonymous_3)
FNDA:3,(anonymous_4)
FNDA:1,(anonymous_5)
FNDA:9,(anonymous_6)
FNDA:0,(anonymous_7)
DA:6,47
DA:7,47
DA:8,47
DA:9,47
DA:10,47
DA:12,47
DA:13,10
DA:14,10
DA:17,10
DA:18,2
DA:19,2
DA:22,8
DA:24,8
DA:25,8
DA:32,3
DA:34,5
DA:35,5
DA:39,47
DA:40,2
DA:41,2
DA:42,1
DA:44,1
DA:48,47
DA:49,2
DA:50,2
DA:51,3
DA:54,2
DA:55,1
DA:58,2
DA:61,47
DA:62,1
DA:63,1
DA:64,1
DA:65,1
DA:66,1
DA:69,47
DA:85,9
DA:133,0
LF:38
LH:37
BRDA:17,0,0,2
BRDA:17,0,1,8
BRDA:17,1,0,10
BRDA:17,1,1,2
BRDA:17,1,2,2
BRDA:17,1,3,2
BRDA:34,2,0,5
BRDA:34,2,1,0
BRDA:41,3,0,1
BRDA:41,3,1,1
BRDA:41,4,0,2
BRDA:41,4,1,2
BRDA:54,5,0,1
BRDA:54,5,1,1
BRDA:103,6,0,47
BRDA:103,6,1,1
BRDA:118,7,0,47
BRDA:118,7,1,2
BRDA:140,8,0,47
BRDA:140,8,1,9
BRDA:148,9,0,2
BRDA:148,9,1,45
BRF:22
BRH:21
end_of_record
TN:
SF:src/components/PostResult.js
FN:8,PostResult
FN:32,(anonymous_1)
FN:39,(anonymous_2)
FN:59,(anonymous_3)
FN:80,(anonymous_4)
FN:85,(anonymous_5)
FN:93,(anonymous_6)
FN:99,(anonymous_7)
FN:103,(anonymous_8)
FN:104,(anonymous_9)
FN:110,(anonymous_10)
FN:114,(anonymous_11)
FN:120,(anonymous_12)
FN:152,(anonymous_13)
FN:159,(anonymous_14)
FN:192,(anonymous_15)
FN:215,(anonymous_16)
FN:226,(anonymous_17)
FN:268,(anonymous_18)
FNF:19
FNH:14
FNDA:62,PostResult
FNDA:2,(anonymous_1)
FNDA:6,(anonymous_2)
FNDA:5,(anonymous_3)
FNDA:0,(anonymous_4)
FNDA:0,(anonymous_5)
FNDA:5,(anonymous_6)
FNDA:13,(anonymous_7)
FNDA:0,(anonymous_8)
FNDA:0,(anonymous_9)
FNDA:0,(anonymous_10)
FNDA:62,(anonymous_11)
FNDA:62,(anonymous_12)
FNDA:84,(anonymous_13)
FNDA:2,(anonymous_14)
FNDA:184,(anonymous_15)
FNDA:170,(anonymous_16)
FNDA:105,(anonymous_17)
FNDA:6,(anonymous_18)
DA:6,1
DA:10,62
DA:14,62
DA:15,62
DA:16,62
DA:17,62
DA:18,62
DA:19,62
DA:20,62
DA:21,62
DA:22,62
DA:24,62
DA:26,62
DA:28,62
DA:29,62
DA:30,62
DA:32,62
DA:33,2
DA:34,2
DA:35,2
DA:36,2
DA:39,62
DA:40,6
DA:41,0
DA:42,0
DA:45,6
DA:46,6
DA:48,6
DA:49,6
DA:58,5
DA:59,5
DA:60,5
DA:61,5
DA:78,5
DA:80,5
DA:82,5
DA:83,5
DA:84,5
DA:85,5
DA:87,1
DA:89,6
DA:93,62
DA:96,5
DA:97,5
DA:98,5
DA:99,13
DA:100,5
DA:101,5
DA:102,5
DA:103,5
DA:104,5
DA:105,0
DA:108,0
DA:109,0
DA:110,0
DA:114,62
DA:115,62
DA:116,1
DA:117,0
DA:120,62
DA:121,62
DA:127,62
DA:130,62
DA:153,84
DA:159,2
DA:193,184
DA:216,170
DA:227,105
DA:268,6
LF:69
LH:62
BRDA:10,0,0,11
BRDA:10,0,1,51
BRDA:10,1,0,62
BRDA:10,1,1,11
BRDA:24,2,0,62
BRDA:24,2,1,0
BRDA:26,3,0,62
BRDA:26,3,1,0
BRDA:28,4,0,62
BRDA:28,4,1,0
BRDA:40,5,0,0
BRDA:40,5,1,6
BRDA:64,6,0,5
BRDA:64,6,1,0
BRDA:65,7,0,5
BRDA:65,7,1,0
BRDA:66,8,0,5
BRDA:66,8,1,0
BRDA:67,9,0,5
BRDA:67,9,1,0
BRDA:67,10,0,5
BRDA:67,10,1,5
BRDA:70,11,0,5
BRDA:70,11,1,0
BRDA:70,12,0,5
BRDA:70,12,1,5
BRDA:73,13,0,5
BRDA:73,13,1,0
BRDA:74,14,0,0
BRDA:74,14,1,5
BRDA:87,15,0,1
BRDA:87,15,1,0
BRDA:96,16,0,5
BRDA:96,16,1,0
BRDA:97,17,0,5
BRDA:97,17,1,0
BRDA:98,18,0,5
BRDA:98,18,1,0
BRDA:100,19,0,5
BRDA:100,19,1,0
BRDA:115,20,0,61
BRDA:115,20,1,1
BRDA:116,21,0,1
BRDA:116,21,1,0
BRDA:127,22,0,62
BRDA:127,22,1,0
BRDA:132,23,0,62
BRDA:132,23,1,10
BRDA:142,24,0,6
BRDA:142,24,1,56
BRDA:154,25,0,84
BRDA:154,25,1,51
BRDA:166,26,0,5
BRDA:166,26,1,57
BRDA:189,27,0,5
BRDA:189,27,1,57
BRDA:195,28,0,184
BRDA:195,28,1,122
BRDA:201,29,0,1
BRDA:201,29,1,61
BRDA:205,30,0,1
BRDA:205,30,1,61
BRDA:210,31,0,5
BRDA:210,31,1,57
BRDA:222,32,0,62
BRDA:222,32,1,62
BRDA:222,32,2,60
BRDA:223,33,0,5
BRDA:223,33,1,55
BRDA:234,34,0,62
BRDA:234,34,1,61
BRDA:235,35,0,5
BRDA:235,35,1,56
BRDA:242,36,0,62
BRDA:242,36,1,50
BRDA:243,37,0,5
BRDA:243,37,1,45
BRDA:253,38,0,62
BRDA:253,38,1,6
BRDA:276,39,0,62
BRDA:276,39,1,56
BRDA:279,40,0,6
BRDA:279,40,1,56
BRDA:290,41,0,62
BRDA:290,41,1,1
BRF:85
BRH:67
end_of_record
TN:
SF:src/components/VariantCard.js
FN:10,(anonymous_0)
FN:16,VariantCard
FN:62,(anonymous_2)
FN:73,(anonymous_3)
FN:90,(anonymous_4)
FNF:5
FNH:5
FNDA:108,(anonymous_0)
FNDA:108,VariantCard
FNDA:320,(anonymous_2)
FNDA:280,(anonymous_3)
FNDA:6,(anonymous_4)
DA:4,2
DA:10,2
DA:11,108
DA:12,13
DA:13,1
DA:17,108
DA:18,108
DA:19,108
DA:20,108
DA:22,108
DA:28,108
DA:63,320
DA:74,280
DA:90,6
LF:14
LH:14
BRDA:11,0,0,95
BRDA:11,0,1,13
BRDA:12,1,0,12
BRDA:12,1,1,1
BRDA:17,2,0,108
BRDA:17,2,1,52
BRDA:17,3,0,52
BRDA:17,3,1,51
BRDA:18,4,0,107
BRDA:18,4,1,1
BRDA:19,5,0,107
BRDA:19,5,1,1
BRDA:24,6,0,64
BRDA:24,6,1,44
BRDA:25,7,0,5
BRDA:25,7,1,103
BRDA:25,8,0,108
BRDA:25,8,1,44
BRDA:41,9,0,108
BRDA:41,9,1,51
BRDA:54,10,0,108
BRDA:54,10,1,108
BRDA:65,11,0,320
BRDA:65,11,1,212
BRDA:71,12,0,108
BRDA:71,12,1,106
BRDA:82,13,0,64
BRDA:82,13,1,44
BRDA:86,14,0,64
BRDA:86,14,1,44
BRF:30
BRH:30
end_of_record
TN:
SF:src/components/auth/AccessDenied.js
FN:4,AccessDenied
FN:17,(anonymous_1)
FNF:2
FNH:0
FNDA:0,AccessDenied
FNDA:0,(anonymous_1)
DA:5,0
DA:7,0
DA:17,0
LF:3
LH:0
BRF:0
BRH:0
end_of_record
TN:
SF:src/components/auth/LoginPage.js
FN:6,LoginPage
FN:12,(anonymous_1)
FN:26,(anonymous_2)
FNF:3
FNH:0
FNDA:0,LoginPage
FNDA:0,(anonymous_1)
FNDA:0,(anonymous_2)
DA:7,0
DA:8,0
DA:9,0
DA:10,0
DA:12,0
DA:13,0
DA:14,0
DA:15,0
DA:16,0
DA:17,0
DA:20,0
DA:22,0
DA:26,0
DA:27,0
DA:30,0
LF:15
LH:0
BRDA:20,0,0,0
BRDA:20,0,1,0
BRDA:51,1,0,0
BRDA:51,1,1,0
BRDA:61,2,0,0
BRDA:61,2,1,0
BRF:6
BRH:0
end_of_record
TN:
SF:src/components/auth/ProtectedRoute.js
FN:5,ProtectedRoute
FNF:1
FNH:0
FNDA:0,ProtectedRoute
DA:6,0
DA:7,0
DA:9,0
DA:11,0
DA:14,0
LF:5
LH:0
BRDA:9,0,0,0
BRDA:9,0,1,0
BRF:2
BRH:0
end_of_record
TN:
SF:src/context/AuthProvider.js
FN:6,AuthProvider
FN:15,(anonymous_1)
FN:16,(anonymous_2)
FN:19,(anonymous_3)
FN:26,(anonymous_4)
FN:33,(anonymous_5)
FN:56,useAuth
FNF:7
FNH:0
FNDA:0,AuthProvider
FNDA:0,(anonymous_1)
FNDA:0,(anonymous_2)
FNDA:0,(anonymous_3)
FNDA:0,(anonymous_4)
FNDA:0,(anonymous_5)
FNDA:0,useAuth
DA:4,0
DA:8,0
DA:9,0
DA:11,0
DA:12,0
DA:15,0
DA:16,0
DA:19,0
DA:20,0
DA:21,0
DA:22,0
DA:23,0
DA:26,0
DA:27,0
DA:28,0
DA:29,0
DA:33,0
DA:34,0
DA:35,0
DA:38,0
DA:57,0
DA:58,0
DA:59,0
LF:23
LH:0
BRDA:58,0,0,0
BRDA:58,0,1,0
BRF:2
BRH:0
end_of_record
TN:
SF:src/services/apiService.js
FN:20,(anonymous_0)
FN:22,(anonymous_1)
FN:27,(anonymous_2)
FN:43,(anonymous_3)
FN:76,(anonymous_4)
FN:87,(anonymous_5)
FN:95,(anonymous_6)
FN:101,(anonymous_7)
FN:115,(anonymous_8)
FN:132,(anonymous_9)
FNF:10
FNH:0
FNDA:0,(anonymous_0)
FNDA:0,(anonymous_1)
FNDA:0,(anonymous_2)
FNDA:0,(anonymous_3)
FNDA:0,(anonymous_4)
FNDA:0,(anonymous_5)
FNDA:0,(anonymous_6)
FNDA:0,(anonymous_7)
FNDA:0,(anonymous_8)
FNDA:0,(anonymous_9)
DA:3,0
DA:10,0
DA:12,0
DA:20,0
DA:22,0
DA:23,0
DA:27,0
DA:28,0
DA:29,0
DA:30,0
DA:32,0
DA:43,0
DA:45,0
DA:46,0
DA:52,0
DA:53,0
DA:59,0
DA:62,0
DA:63,0
DA:69,0
DA:73,0
DA:76,0
DA:82,0
DA:88,0
DA:89,0
DA:96,0
DA:98,0
DA:99,0
DA:100,0
DA:101,0
DA:103,0
DA:105,0
DA:108,0
DA:116,0
DA:117,0
DA:118,0
DA:119,0
DA:120,0
DA:121,0
DA:123,0
DA:126,0
DA:133,0
DA:134,0
DA:135,0
DA:137,0
DA:138,0
LF:46
LH:0
BRDA:3,0,0,0
BRDA:3,0,1,0
BRDA:29,1,0,0
BRDA:29,1,1,0
BRDA:45,2,0,0
BRDA:45,2,1,0
BRDA:52,3,0,0
BRDA:52,3,1,0
BRDA:59,4,0,0
BRDA:59,4,1,0
BRDA:62,5,0,0
BRDA:62,5,1,0
BRDA:69,6,0,0
BRDA:69,6,1,0
BRDA:69,6,2,0
BRDA:98,7,0,0
BRDA:98,7,1,0
BRDA:99,8,0,0
BRDA:99,8,1,0
BRDA:100,9,0,0
BRDA:100,9,1,0
BRDA:100,10,0,0
BRDA:100,10,1,0
BRDA:103,11,0,0
BRDA:103,11,1,0
BRDA:119,12,0,0
BRDA:119,12,1,0
BRDA:120,13,0,0
BRDA:120,13,1,0
BRDA:121,14,0,0
BRDA:121,14,1,0
BRF:31
BRH:0
end_of_record
